{"G:\\UshaSree Project 1.0\\App Code\\payment-service\\server.js": {"path":"G:\\UshaSree Project 1.0\\App Code\\payment-service\\server.js","statementMap":{"0":{"start":{"line":4,"column":16},"end":{"line":4,"column":34}},"1":{"start":{"line":5,"column":19},"end":{"line":5,"column":41}},"2":{"start":{"line":6,"column":13},"end":{"line":6,"column":28}},"3":{"start":{"line":7,"column":0},"end":{"line":7,"column":27}},"4":{"start":{"line":9,"column":12},"end":{"line":9,"column":21}},"5":{"start":{"line":10,"column":0},"end":{"line":10,"column":27}},"6":{"start":{"line":11,"column":0},"end":{"line":11,"column":16}},"7":{"start":{"line":14,"column":15},"end":{"line":14,"column":17}},"8":{"start":{"line":15,"column":16},"end":{"line":15,"column":17}},"9":{"start":{"line":21,"column":0},"end":{"line":59,"column":3}},"10":{"start":{"line":22,"column":63},"end":{"line":22,"column":71}},"11":{"start":{"line":25,"column":2},"end":{"line":33,"column":3}},"12":{"start":{"line":32,"column":4},"end":{"line":32,"column":87}},"13":{"start":{"line":36,"column":2},"end":{"line":43,"column":3}},"14":{"start":{"line":42,"column":4},"end":{"line":42,"column":88}},"15":{"start":{"line":46,"column":18},"end":{"line":55,"column":3}},"16":{"start":{"line":56,"column":2},"end":{"line":56,"column":25}},"17":{"start":{"line":58,"column":2},"end":{"line":58,"column":89}},"18":{"start":{"line":65,"column":0},"end":{"line":73,"column":3}},"19":{"start":{"line":66,"column":20},"end":{"line":66,"column":45}},"20":{"start":{"line":68,"column":2},"end":{"line":70,"column":3}},"21":{"start":{"line":69,"column":4},"end":{"line":69,"column":38}},"22":{"start":{"line":71,"column":23},"end":{"line":71,"column":68}},"23":{"start":{"line":71,"column":44},"end":{"line":71,"column":67}},"24":{"start":{"line":72,"column":2},"end":{"line":72,"column":39}},"25":{"start":{"line":78,"column":0},"end":{"line":80,"column":3}},"26":{"start":{"line":79,"column":2},"end":{"line":79,"column":50}},"27":{"start":{"line":82,"column":13},"end":{"line":82,"column":37}},"28":{"start":{"line":83,"column":0},"end":{"line":87,"column":1}},"29":{"start":{"line":84,"column":2},"end":{"line":86,"column":5}},"30":{"start":{"line":89,"column":0},"end":{"line":89,"column":21}}},"fnMap":{"0":{"name":"(anonymous_0)","decl":{"start":{"line":21,"column":21},"end":{"line":21,"column":22}},"loc":{"start":{"line":21,"column":35},"end":{"line":59,"column":1}},"line":21},"1":{"name":"(anonymous_1)","decl":{"start":{"line":65,"column":28},"end":{"line":65,"column":29}},"loc":{"start":{"line":65,"column":42},"end":{"line":73,"column":1}},"line":65},"2":{"name":"(anonymous_2)","decl":{"start":{"line":71,"column":39},"end":{"line":71,"column":40}},"loc":{"start":{"line":71,"column":44},"end":{"line":71,"column":67}},"line":71},"3":{"name":"(anonymous_3)","decl":{"start":{"line":78,"column":20},"end":{"line":78,"column":21}},"loc":{"start":{"line":78,"column":34},"end":{"line":80,"column":1}},"line":78},"4":{"name":"(anonymous_4)","decl":{"start":{"line":84,"column":19},"end":{"line":84,"column":20}},"loc":{"start":{"line":84,"column":25},"end":{"line":86,"column":3}},"line":84}},"branchMap":{"0":{"loc":{"start":{"line":25,"column":2},"end":{"line":33,"column":3}},"type":"if","locations":[{"start":{"line":25,"column":2},"end":{"line":33,"column":3}},{"start":{},"end":{}}],"line":25},"1":{"loc":{"start":{"line":26,"column":4},"end":{"line":29,"column":32}},"type":"binary-expr","locations":[{"start":{"line":26,"column":4},"end":{"line":26,"column":25}},{"start":{"line":26,"column":29},"end":{"line":26,"column":45}},{"start":{"line":27,"column":4},"end":{"line":27,"column":26}},{"start":{"line":27,"column":30},"end":{"line":27,"column":47}},{"start":{"line":28,"column":4},"end":{"line":28,"column":24}},{"start":{"line":28,"column":28},"end":{"line":28,"column":43}},{"start":{"line":29,"column":4},"end":{"line":29,"column":11}},{"start":{"line":29,"column":15},"end":{"line":29,"column":23}},{"start":{"line":29,"column":27},"end":{"line":29,"column":32}}],"line":26},"2":{"loc":{"start":{"line":36,"column":2},"end":{"line":43,"column":3}},"type":"if","locations":[{"start":{"line":36,"column":2},"end":{"line":43,"column":3}},{"start":{},"end":{}}],"line":36},"3":{"loc":{"start":{"line":37,"column":4},"end":{"line":40,"column":40}},"type":"binary-expr","locations":[{"start":{"line":37,"column":4},"end":{"line":37,"column":16}},{"start":{"line":37,"column":20},"end":{"line":37,"column":45}},{"start":{"line":38,"column":4},"end":{"line":38,"column":13}},{"start":{"line":38,"column":17},"end":{"line":38,"column":38}},{"start":{"line":39,"column":4},"end":{"line":39,"column":15}},{"start":{"line":39,"column":19},"end":{"line":39,"column":42}},{"start":{"line":40,"column":4},"end":{"line":40,"column":14}},{"start":{"line":40,"column":18},"end":{"line":40,"column":40}}],"line":37},"4":{"loc":{"start":{"line":68,"column":2},"end":{"line":70,"column":3}},"type":"if","locations":[{"start":{"line":68,"column":2},"end":{"line":70,"column":3}},{"start":{},"end":{}}],"line":68},"5":{"loc":{"start":{"line":82,"column":13},"end":{"line":82,"column":37}},"type":"binary-expr","locations":[{"start":{"line":82,"column":13},"end":{"line":82,"column":29}},{"start":{"line":82,"column":33},"end":{"line":82,"column":37}}],"line":82},"6":{"loc":{"start":{"line":83,"column":0},"end":{"line":87,"column":1}},"type":"if","locations":[{"start":{"line":83,"column":0},"end":{"line":87,"column":1}},{"start":{},"end":{}}],"line":83}},"s":{"0":1,"1":1,"2":1,"3":1,"4":1,"5":1,"6":1,"7":1,"8":1,"9":1,"10":3,"11":3,"12":1,"13":2,"14":1,"15":1,"16":1,"17":1,"18":1,"19":1,"20":1,"21":0,"22":1,"23":1,"24":1,"25":1,"26":1,"27":1,"28":1,"29":0,"30":1},"f":{"0":3,"1":1,"2":1,"3":1,"4":0},"b":{"0":[1,2],"1":[3,2,2,2,2,2,2,2,2],"2":[1,1],"3":[2,2,1,1,1,1,1,1],"4":[0,1],"5":[1,0],"6":[0,1]},"_coverageSchema":"1a1c01bbd47fc00a2c39e90264f33305004495a9","hash":"00dc3df758bd307f1bac8dbd52bd556e8977b3eb"}
}
