TN:
SF:server.js
FN:21,(anonymous_0)
FN:65,(anonymous_1)
FN:71,(anonymous_2)
FN:78,(anonymous_3)
FN:84,(anonymous_4)
FNF:5
FNH:4
FNDA:3,(anonymous_0)
FNDA:1,(anonymous_1)
FNDA:1,(anonymous_2)
FNDA:1,(anonymous_3)
FNDA:0,(anonymous_4)
DA:4,1
DA:5,1
DA:6,1
DA:7,1
DA:9,1
DA:10,1
DA:11,1
DA:14,1
DA:15,1
DA:21,1
DA:22,3
DA:25,3
DA:32,1
DA:36,2
DA:42,1
DA:46,1
DA:56,1
DA:58,1
DA:65,1
DA:66,1
DA:68,1
DA:69,0
DA:71,1
DA:72,1
DA:78,1
DA:79,1
DA:82,1
DA:83,1
DA:84,0
DA:89,1
LF:30
LH:28
BRDA:25,0,0,1
BRDA:25,0,1,2
BRDA:26,1,0,3
BRDA:26,1,1,2
BRDA:26,1,2,2
BRDA:26,1,3,2
BRDA:26,1,4,2
BRDA:26,1,5,2
BRDA:26,1,6,2
BRDA:26,1,7,2
BRDA:26,1,8,2
BRDA:36,2,0,1
BRDA:36,2,1,1
BRDA:37,3,0,2
BRDA:37,3,1,2
BRDA:37,3,2,1
BRDA:37,3,3,1
BRDA:37,3,4,1
BRDA:37,3,5,1
BRDA:37,3,6,1
BRDA:37,3,7,1
BRDA:68,4,0,0
BRDA:68,4,1,1
BRDA:82,5,0,1
BRDA:82,5,1,0
BRDA:83,6,0,0
BRDA:83,6,1,1
BRF:27
BRH:24
end_of_record
