<?xml version="1.0" encoding="UTF-8"?>
<coverage generated="1750909918423" clover="3.2.0">
  <project timestamp="1750909918423" name="All files">
    <metrics statements="108" coveredstatements="98" conditionals="90" coveredconditionals="68" methods="24" coveredmethods="22" elements="222" coveredelements="188" complexity="0" loc="108" ncloc="108" packages="1" files="1" classes="1"/>
    <file name="server.js" path="G:\UshaSree Project 1.0\App Code\promo-service\server.js">
      <metrics statements="108" coveredstatements="98" conditionals="90" coveredconditionals="68" methods="24" coveredmethods="22"/>
      <line num="1" count="1" type="stmt"/>
      <line num="2" count="1" type="stmt"/>
      <line num="3" count="1" type="stmt"/>
      <line num="4" count="1" type="stmt"/>
      <line num="5" count="1" type="stmt"/>
      <line num="7" count="1" type="stmt"/>
      <line num="8" count="1" type="stmt"/>
      <line num="9" count="1" type="stmt"/>
      <line num="11" count="1" type="stmt"/>
      <line num="21" count="10" type="stmt"/>
      <line num="22" count="10" type="stmt"/>
      <line num="23" count="10" type="cond" truecount="1" falsecount="1"/>
      <line num="24" count="10" type="stmt"/>
      <line num="31" count="13" type="cond" truecount="3" falsecount="1"/>
      <line num="32" count="13" type="cond" truecount="4" falsecount="0"/>
      <line num="33" count="11" type="cond" truecount="4" falsecount="0"/>
      <line num="34" count="8" type="cond" truecount="4" falsecount="0"/>
      <line num="35" count="6" type="stmt"/>
      <line num="39" count="1" type="stmt"/>
      <line num="40" count="1" type="cond" truecount="1" falsecount="1"/>
      <line num="41" count="1" type="stmt"/>
      <line num="58" count="1" type="stmt"/>
      <line num="68" count="1" type="stmt"/>
      <line num="140" count="1" type="stmt"/>
      <line num="141" count="5" type="stmt"/>
      <line num="145" count="5" type="cond" truecount="3" falsecount="1"/>
      <line num="146" count="5" type="stmt"/>
      <line num="162" count="1" type="stmt"/>
      <line num="163" count="1" type="stmt"/>
      <line num="164" count="1" type="stmt"/>
      <line num="173" count="1" type="cond" truecount="1" falsecount="1"/>
      <line num="174" count="0" type="stmt"/>
      <line num="180" count="1" type="stmt"/>
      <line num="181" count="2" type="stmt"/>
      <line num="182" count="2" type="stmt"/>
      <line num="183" count="2" type="stmt"/>
      <line num="184" count="2" type="stmt"/>
      <line num="186" count="2" type="stmt"/>
      <line num="190" count="2" type="cond" truecount="2" falsecount="0"/>
      <line num="192" count="1" type="stmt"/>
      <line num="193" count="1" type="stmt"/>
      <line num="194" count="1" type="stmt"/>
      <line num="195" count="4" type="stmt"/>
      <line num="196" count="4" type="stmt"/>
      <line num="197" count="4" type="stmt"/>
      <line num="201" count="4" type="cond" truecount="3" falsecount="1"/>
      <line num="202" count="4" type="stmt"/>
      <line num="206" count="4" type="cond" truecount="2" falsecount="0"/>
      <line num="207" count="2" type="stmt"/>
      <line num="210" count="1" type="stmt"/>
      <line num="216" count="1" type="stmt"/>
      <line num="217" count="2" type="stmt"/>
      <line num="218" count="2" type="stmt"/>
      <line num="220" count="2" type="stmt"/>
      <line num="224" count="2" type="cond" truecount="2" falsecount="0"/>
      <line num="225" count="1" type="cond" truecount="3" falsecount="1"/>
      <line num="226" count="0" type="stmt"/>
      <line num="228" count="0" type="stmt"/>
      <line num="230" count="0" type="stmt"/>
      <line num="234" count="0" type="cond" truecount="0" falsecount="4"/>
      <line num="235" count="0" type="stmt"/>
      <line num="236" count="0" type="cond" truecount="0" falsecount="2"/>
      <line num="237" count="0" type="stmt"/>
      <line num="245" count="1" type="stmt"/>
      <line num="246" count="10" type="stmt"/>
      <line num="247" count="10" type="stmt"/>
      <line num="249" count="10" type="stmt"/>
      <line num="250" count="10" type="stmt"/>
      <line num="253" count="10" type="cond" truecount="2" falsecount="0"/>
      <line num="254" count="8" type="stmt"/>
      <line num="258" count="8" type="cond" truecount="2" falsecount="0"/>
      <line num="259" count="7" type="cond" truecount="3" falsecount="1"/>
      <line num="260" count="0" type="stmt"/>
      <line num="262" count="7" type="stmt"/>
      <line num="263" count="7" type="stmt"/>
      <line num="265" count="7" type="stmt"/>
      <line num="269" count="7" type="cond" truecount="3" falsecount="1"/>
      <line num="270" count="7" type="stmt"/>
      <line num="271" count="7" type="cond" truecount="2" falsecount="0"/>
      <line num="273" count="3" type="cond" truecount="2" falsecount="2"/>
      <line num="274" count="3" type="stmt"/>
      <line num="276" count="3" type="stmt"/>
      <line num="280" count="3" type="stmt"/>
      <line num="282" count="3" type="stmt"/>
      <line num="288" count="3" type="stmt"/>
      <line num="294" count="8" type="stmt"/>
      <line num="297" count="2" type="stmt"/>
      <line num="302" count="2" type="cond" truecount="2" falsecount="0"/>
      <line num="304" count="1" type="stmt"/>
      <line num="305" count="2" type="stmt"/>
      <line num="306" count="2" type="stmt"/>
      <line num="307" count="2" type="stmt"/>
      <line num="308" count="2" type="stmt"/>
      <line num="312" count="2" type="cond" truecount="3" falsecount="1"/>
      <line num="313" count="2" type="stmt"/>
      <line num="317" count="2" type="stmt"/>
      <line num="318" count="2" type="cond" truecount="2" falsecount="0"/>
      <line num="319" count="1" type="cond" truecount="2" falsecount="2"/>
      <line num="320" count="1" type="stmt"/>
      <line num="321" count="1" type="stmt"/>
      <line num="325" count="1" type="stmt"/>
      <line num="331" count="1" type="stmt"/>
      <line num="336" count="1" type="stmt"/>
      <line num="337" count="1" type="stmt"/>
      <line num="340" count="1" type="cond" truecount="2" falsecount="0"/>
      <line num="341" count="1" type="cond" truecount="1" falsecount="1"/>
      <line num="342" count="0" type="stmt"/>
      <line num="347" count="1" type="stmt"/>
    </file>
  </project>
</coverage>
