{"G:\\UshaSree Project 1.0\\App Code\\promo-service\\server.js": {"path":"G:\\UshaSree Project 1.0\\App Code\\promo-service\\server.js","statementMap":{"0":{"start":{"line":1,"column":16},"end":{"line":1,"column":34}},"1":{"start":{"line":2,"column":19},"end":{"line":2,"column":41}},"2":{"start":{"line":3,"column":14},"end":{"line":3,"column":31}},"3":{"start":{"line":4,"column":13},"end":{"line":4,"column":28}},"4":{"start":{"line":5,"column":0},"end":{"line":5,"column":27}},"5":{"start":{"line":7,"column":12},"end":{"line":7,"column":21}},"6":{"start":{"line":8,"column":0},"end":{"line":8,"column":27}},"7":{"start":{"line":9,"column":0},"end":{"line":9,"column":16}},"8":{"start":{"line":11,"column":11},"end":{"line":17,"column":2}},"9":{"start":{"line":21,"column":2},"end":{"line":26,"column":5}},"10":{"start":{"line":22,"column":4},"end":{"line":25,"column":7}},"11":{"start":{"line":23,"column":6},"end":{"line":23,"column":37}},"12":{"start":{"line":23,"column":15},"end":{"line":23,"column":37}},"13":{"start":{"line":24,"column":6},"end":{"line":24,"column":35}},"14":{"start":{"line":31,"column":2},"end":{"line":31,"column":91}},"15":{"start":{"line":31,"column":56},"end":{"line":31,"column":91}},"16":{"start":{"line":32,"column":2},"end":{"line":32,"column":105}},"17":{"start":{"line":32,"column":69},"end":{"line":32,"column":105}},"18":{"start":{"line":33,"column":2},"end":{"line":33,"column":117}},"19":{"start":{"line":33,"column":78},"end":{"line":33,"column":117}},"20":{"start":{"line":34,"column":2},"end":{"line":34,"column":117}},"21":{"start":{"line":34,"column":88},"end":{"line":34,"column":117}},"22":{"start":{"line":35,"column":2},"end":{"line":35,"column":14}},"23":{"start":{"line":39,"column":0},"end":{"line":159,"column":3}},"24":{"start":{"line":40,"column":2},"end":{"line":40,"column":27}},"25":{"start":{"line":40,"column":11},"end":{"line":40,"column":27}},"26":{"start":{"line":41,"column":2},"end":{"line":57,"column":4}},"27":{"start":{"line":58,"column":2},"end":{"line":65,"column":4}},"28":{"start":{"line":68,"column":24},"end":{"line":139,"column":3}},"29":{"start":{"line":140,"column":2},"end":{"line":158,"column":5}},"30":{"start":{"line":141,"column":4},"end":{"line":157,"column":6}},"31":{"start":{"line":145,"column":8},"end":{"line":155,"column":9}},"32":{"start":{"line":146,"column":10},"end":{"line":154,"column":12}},"33":{"start":{"line":162,"column":0},"end":{"line":177,"column":3}},"34":{"start":{"line":163,"column":16},"end":{"line":163,"column":24}},"35":{"start":{"line":164,"column":2},"end":{"line":176,"column":4}},"36":{"start":{"line":173,"column":6},"end":{"line":173,"column":80}},"37":{"start":{"line":173,"column":15},"end":{"line":173,"column":80}},"38":{"start":{"line":174,"column":6},"end":{"line":174,"column":40}},"39":{"start":{"line":180,"column":0},"end":{"line":213,"column":3}},"40":{"start":{"line":181,"column":18},"end":{"line":181,"column":49}},"41":{"start":{"line":182,"column":21},"end":{"line":182,"column":53}},"42":{"start":{"line":183,"column":24},"end":{"line":183,"column":61}},"43":{"start":{"line":184,"column":14},"end":{"line":184,"column":69}},"44":{"start":{"line":186,"column":2},"end":{"line":212,"column":4}},"45":{"start":{"line":190,"column":6},"end":{"line":190,"column":80}},"46":{"start":{"line":190,"column":15},"end":{"line":190,"column":80}},"47":{"start":{"line":192,"column":21},"end":{"line":192,"column":45}},"48":{"start":{"line":193,"column":22},"end":{"line":193,"column":24}},"49":{"start":{"line":194,"column":6},"end":{"line":209,"column":7}},"50":{"start":{"line":195,"column":32},"end":{"line":195,"column":33}},"51":{"start":{"line":196,"column":8},"end":{"line":205,"column":10}},"52":{"start":{"line":197,"column":10},"end":{"line":204,"column":11}},"53":{"start":{"line":201,"column":14},"end":{"line":201,"column":74}},"54":{"start":{"line":202,"column":14},"end":{"line":202,"column":24}},"55":{"start":{"line":206,"column":8},"end":{"line":208,"column":9}},"56":{"start":{"line":207,"column":10},"end":{"line":207,"column":32}},"57":{"start":{"line":210,"column":6},"end":{"line":210,"column":26}},"58":{"start":{"line":216,"column":0},"end":{"line":242,"column":3}},"59":{"start":{"line":217,"column":55},"end":{"line":217,"column":63}},"60":{"start":{"line":218,"column":14},"end":{"line":218,"column":69}},"61":{"start":{"line":220,"column":2},"end":{"line":241,"column":4}},"62":{"start":{"line":224,"column":6},"end":{"line":224,"column":80}},"63":{"start":{"line":224,"column":15},"end":{"line":224,"column":80}},"64":{"start":{"line":225,"column":6},"end":{"line":225,"column":103}},"65":{"start":{"line":225,"column":33},"end":{"line":225,"column":103}},"66":{"start":{"line":226,"column":20},"end":{"line":226,"column":27}},"67":{"start":{"line":228,"column":21},"end":{"line":228,"column":45}},"68":{"start":{"line":230,"column":6},"end":{"line":239,"column":8}},"69":{"start":{"line":234,"column":36},"end":{"line":234,"column":80}},"70":{"start":{"line":235,"column":22},"end":{"line":235,"column":109}},"71":{"start":{"line":236,"column":10},"end":{"line":236,"column":65}},"72":{"start":{"line":236,"column":19},"end":{"line":236,"column":65}},"73":{"start":{"line":237,"column":10},"end":{"line":237,"column":54}},"74":{"start":{"line":245,"column":0},"end":{"line":334,"column":3}},"75":{"start":{"line":246,"column":55},"end":{"line":246,"column":63}},"76":{"start":{"line":247,"column":14},"end":{"line":247,"column":69}},"77":{"start":{"line":249,"column":23},"end":{"line":249,"column":24}},"78":{"start":{"line":250,"column":23},"end":{"line":250,"column":25}},"79":{"start":{"line":253,"column":2},"end":{"line":295,"column":3}},"80":{"start":{"line":254,"column":4},"end":{"line":292,"column":6}},"81":{"start":{"line":258,"column":8},"end":{"line":258,"column":89}},"82":{"start":{"line":258,"column":20},"end":{"line":258,"column":79}},"83":{"start":{"line":258,"column":80},"end":{"line":258,"column":87}},"84":{"start":{"line":259,"column":8},"end":{"line":261,"column":9}},"85":{"start":{"line":260,"column":10},"end":{"line":260,"column":67}},"86":{"start":{"line":260,"column":68},"end":{"line":260,"column":75}},"87":{"start":{"line":262,"column":22},"end":{"line":262,"column":33}},"88":{"start":{"line":263,"column":23},"end":{"line":263,"column":47}},"89":{"start":{"line":265,"column":8},"end":{"line":290,"column":10}},"90":{"start":{"line":269,"column":38},"end":{"line":269,"column":84}},"91":{"start":{"line":270,"column":24},"end":{"line":270,"column":111}},"92":{"start":{"line":271,"column":12},"end":{"line":271,"column":72}},"93":{"start":{"line":271,"column":23},"end":{"line":271,"column":62}},"94":{"start":{"line":271,"column":63},"end":{"line":271,"column":70}},"95":{"start":{"line":273,"column":12},"end":{"line":275,"column":13}},"96":{"start":{"line":274,"column":14},"end":{"line":274,"column":74}},"97":{"start":{"line":276,"column":12},"end":{"line":279,"column":14}},"98":{"start":{"line":280,"column":12},"end":{"line":280,"column":39}},"99":{"start":{"line":282,"column":12},"end":{"line":287,"column":15}},"100":{"start":{"line":288,"column":12},"end":{"line":288,"column":19}},"101":{"start":{"line":294,"column":4},"end":{"line":294,"column":11}},"102":{"start":{"line":297,"column":2},"end":{"line":333,"column":4}},"103":{"start":{"line":302,"column":6},"end":{"line":302,"column":85}},"104":{"start":{"line":302,"column":17},"end":{"line":302,"column":75}},"105":{"start":{"line":302,"column":76},"end":{"line":302,"column":83}},"106":{"start":{"line":304,"column":6},"end":{"line":324,"column":7}},"107":{"start":{"line":305,"column":23},"end":{"line":305,"column":47}},"108":{"start":{"line":306,"column":32},"end":{"line":306,"column":33}},"109":{"start":{"line":307,"column":8},"end":{"line":316,"column":10}},"110":{"start":{"line":308,"column":10},"end":{"line":315,"column":11}},"111":{"start":{"line":312,"column":14},"end":{"line":312,"column":74}},"112":{"start":{"line":313,"column":14},"end":{"line":313,"column":24}},"113":{"start":{"line":317,"column":20},"end":{"line":317,"column":107}},"114":{"start":{"line":318,"column":8},"end":{"line":323,"column":9}},"115":{"start":{"line":319,"column":10},"end":{"line":322,"column":11}},"116":{"start":{"line":320,"column":12},"end":{"line":320,"column":72}},"117":{"start":{"line":321,"column":12},"end":{"line":321,"column":39}},"118":{"start":{"line":325,"column":6},"end":{"line":330,"column":9}},"119":{"start":{"line":331,"column":6},"end":{"line":331,"column":13}},"120":{"start":{"line":336,"column":0},"end":{"line":338,"column":3}},"121":{"start":{"line":337,"column":2},"end":{"line":337,"column":46}},"122":{"start":{"line":340,"column":13},"end":{"line":340,"column":37}},"123":{"start":{"line":341,"column":0},"end":{"line":345,"column":1}},"124":{"start":{"line":342,"column":2},"end":{"line":344,"column":5}},"125":{"start":{"line":347,"column":0},"end":{"line":347,"column":21}}},"fnMap":{"0":{"name":"isNewUser","decl":{"start":{"line":20,"column":9},"end":{"line":20,"column":18}},"loc":{"start":{"line":20,"column":28},"end":{"line":27,"column":1}},"line":20},"1":{"name":"(anonymous_1)","decl":{"start":{"line":21,"column":21},"end":{"line":21,"column":22}},"loc":{"start":{"line":21,"column":34},"end":{"line":26,"column":3}},"line":21},"2":{"name":"(anonymous_2)","decl":{"start":{"line":22,"column":86},"end":{"line":22,"column":87}},"loc":{"start":{"line":22,"column":103},"end":{"line":25,"column":5}},"line":22},"3":{"name":"validatePromotion","decl":{"start":{"line":30,"column":9},"end":{"line":30,"column":26}},"loc":{"start":{"line":30,"column":97},"end":{"line":36,"column":1}},"line":30},"4":{"name":"(anonymous_4)","decl":{"start":{"line":39,"column":11},"end":{"line":39,"column":12}},"loc":{"start":{"line":39,"column":20},"end":{"line":159,"column":1}},"line":39},"5":{"name":"(anonymous_5)","decl":{"start":{"line":140,"column":24},"end":{"line":140,"column":25}},"loc":{"start":{"line":140,"column":35},"end":{"line":158,"column":3}},"line":140},"6":{"name":"(anonymous_6)","decl":{"start":{"line":144,"column":6},"end":{"line":144,"column":7}},"loc":{"start":{"line":144,"column":21},"end":{"line":156,"column":7}},"line":144},"7":{"name":"(anonymous_7)","decl":{"start":{"line":162,"column":24},"end":{"line":162,"column":25}},"loc":{"start":{"line":162,"column":38},"end":{"line":177,"column":1}},"line":162},"8":{"name":"(anonymous_8)","decl":{"start":{"line":172,"column":4},"end":{"line":172,"column":5}},"loc":{"start":{"line":172,"column":21},"end":{"line":175,"column":5}},"line":172},"9":{"name":"(anonymous_9)","decl":{"start":{"line":180,"column":33},"end":{"line":180,"column":34}},"loc":{"start":{"line":180,"column":53},"end":{"line":213,"column":1}},"line":180},"10":{"name":"(anonymous_10)","decl":{"start":{"line":189,"column":4},"end":{"line":189,"column":5}},"loc":{"start":{"line":189,"column":25},"end":{"line":211,"column":5}},"line":189},"11":{"name":"(anonymous_11)","decl":{"start":{"line":196,"column":26},"end":{"line":196,"column":27}},"loc":{"start":{"line":197,"column":10},"end":{"line":204,"column":11}},"line":197},"12":{"name":"(anonymous_12)","decl":{"start":{"line":200,"column":12},"end":{"line":200,"column":13}},"loc":{"start":{"line":200,"column":27},"end":{"line":203,"column":13}},"line":200},"13":{"name":"(anonymous_13)","decl":{"start":{"line":216,"column":33},"end":{"line":216,"column":34}},"loc":{"start":{"line":216,"column":47},"end":{"line":242,"column":1}},"line":216},"14":{"name":"(anonymous_14)","decl":{"start":{"line":223,"column":4},"end":{"line":223,"column":5}},"loc":{"start":{"line":223,"column":25},"end":{"line":240,"column":5}},"line":223},"15":{"name":"(anonymous_15)","decl":{"start":{"line":233,"column":8},"end":{"line":233,"column":9}},"loc":{"start":{"line":233,"column":27},"end":{"line":238,"column":9}},"line":233},"16":{"name":"(anonymous_16)","decl":{"start":{"line":245,"column":30},"end":{"line":245,"column":31}},"loc":{"start":{"line":245,"column":50},"end":{"line":334,"column":1}},"line":245},"17":{"name":"(anonymous_17)","decl":{"start":{"line":257,"column":6},"end":{"line":257,"column":7}},"loc":{"start":{"line":257,"column":32},"end":{"line":291,"column":7}},"line":257},"18":{"name":"(anonymous_18)","decl":{"start":{"line":268,"column":10},"end":{"line":268,"column":11}},"loc":{"start":{"line":268,"column":30},"end":{"line":289,"column":11}},"line":268},"19":{"name":"(anonymous_19)","decl":{"start":{"line":301,"column":4},"end":{"line":301,"column":5}},"loc":{"start":{"line":301,"column":25},"end":{"line":332,"column":5}},"line":301},"20":{"name":"(anonymous_20)","decl":{"start":{"line":307,"column":26},"end":{"line":307,"column":27}},"loc":{"start":{"line":308,"column":10},"end":{"line":315,"column":11}},"line":308},"21":{"name":"(anonymous_21)","decl":{"start":{"line":311,"column":12},"end":{"line":311,"column":13}},"loc":{"start":{"line":311,"column":27},"end":{"line":314,"column":13}},"line":311},"22":{"name":"(anonymous_22)","decl":{"start":{"line":336,"column":13},"end":{"line":336,"column":14}},"loc":{"start":{"line":336,"column":27},"end":{"line":338,"column":1}},"line":336},"23":{"name":"(anonymous_23)","decl":{"start":{"line":342,"column":19},"end":{"line":342,"column":20}},"loc":{"start":{"line":342,"column":25},"end":{"line":344,"column":3}},"line":342}},"branchMap":{"0":{"loc":{"start":{"line":23,"column":6},"end":{"line":23,"column":37}},"type":"if","locations":[{"start":{"line":23,"column":6},"end":{"line":23,"column":37}},{"start":{},"end":{}}],"line":23},"1":{"loc":{"start":{"line":31,"column":2},"end":{"line":31,"column":91}},"type":"if","locations":[{"start":{"line":31,"column":2},"end":{"line":31,"column":91}},{"start":{},"end":{}}],"line":31},"2":{"loc":{"start":{"line":31,"column":6},"end":{"line":31,"column":54}},"type":"binary-expr","locations":[{"start":{"line":31,"column":6},"end":{"line":31,"column":43}},{"start":{"line":31,"column":47},"end":{"line":31,"column":54}}],"line":31},"3":{"loc":{"start":{"line":32,"column":2},"end":{"line":32,"column":105}},"type":"if","locations":[{"start":{"line":32,"column":2},"end":{"line":32,"column":105}},{"start":{},"end":{}}],"line":32},"4":{"loc":{"start":{"line":32,"column":6},"end":{"line":32,"column":67}},"type":"binary-expr","locations":[{"start":{"line":32,"column":6},"end":{"line":32,"column":30}},{"start":{"line":32,"column":34},"end":{"line":32,"column":67}}],"line":32},"5":{"loc":{"start":{"line":33,"column":2},"end":{"line":33,"column":117}},"type":"if","locations":[{"start":{"line":33,"column":2},"end":{"line":33,"column":117}},{"start":{},"end":{}}],"line":33},"6":{"loc":{"start":{"line":33,"column":6},"end":{"line":33,"column":76}},"type":"binary-expr","locations":[{"start":{"line":33,"column":6},"end":{"line":33,"column":33}},{"start":{"line":33,"column":37},"end":{"line":33,"column":76}}],"line":33},"7":{"loc":{"start":{"line":34,"column":2},"end":{"line":34,"column":117}},"type":"if","locations":[{"start":{"line":34,"column":2},"end":{"line":34,"column":117}},{"start":{},"end":{}}],"line":34},"8":{"loc":{"start":{"line":34,"column":6},"end":{"line":34,"column":86}},"type":"binary-expr","locations":[{"start":{"line":34,"column":6},"end":{"line":34,"column":37}},{"start":{"line":34,"column":41},"end":{"line":34,"column":86}}],"line":34},"9":{"loc":{"start":{"line":40,"column":2},"end":{"line":40,"column":27}},"type":"if","locations":[{"start":{"line":40,"column":2},"end":{"line":40,"column":27}},{"start":{},"end":{}}],"line":40},"10":{"loc":{"start":{"line":145,"column":8},"end":{"line":155,"column":9}},"type":"if","locations":[{"start":{"line":145,"column":8},"end":{"line":155,"column":9}},{"start":{},"end":{}}],"line":145},"11":{"loc":{"start":{"line":145,"column":12},"end":{"line":145,"column":37}},"type":"binary-expr","locations":[{"start":{"line":145,"column":12},"end":{"line":145,"column":16}},{"start":{"line":145,"column":20},"end":{"line":145,"column":37}}],"line":145},"12":{"loc":{"start":{"line":169,"column":92},"end":{"line":169,"column":117}},"type":"binary-expr","locations":[{"start":{"line":169,"column":92},"end":{"line":169,"column":112}},{"start":{"line":169,"column":116},"end":{"line":169,"column":117}}],"line":169},"13":{"loc":{"start":{"line":170,"column":6},"end":{"line":170,"column":34}},"type":"binary-expr","locations":[{"start":{"line":170,"column":6},"end":{"line":170,"column":29}},{"start":{"line":170,"column":33},"end":{"line":170,"column":34}}],"line":170},"14":{"loc":{"start":{"line":170,"column":36},"end":{"line":170,"column":67}},"type":"binary-expr","locations":[{"start":{"line":170,"column":36},"end":{"line":170,"column":58}},{"start":{"line":170,"column":62},"end":{"line":170,"column":67}}],"line":170},"15":{"loc":{"start":{"line":170,"column":103},"end":{"line":170,"column":132}},"type":"binary-expr","locations":[{"start":{"line":170,"column":103},"end":{"line":170,"column":127}},{"start":{"line":170,"column":131},"end":{"line":170,"column":132}}],"line":170},"16":{"loc":{"start":{"line":170,"column":134},"end":{"line":170,"column":154}},"type":"cond-expr","locations":[{"start":{"line":170,"column":149},"end":{"line":170,"column":150}},{"start":{"line":170,"column":153},"end":{"line":170,"column":154}}],"line":170},"17":{"loc":{"start":{"line":173,"column":6},"end":{"line":173,"column":80}},"type":"if","locations":[{"start":{"line":173,"column":6},"end":{"line":173,"column":80}},{"start":{},"end":{}}],"line":173},"18":{"loc":{"start":{"line":190,"column":6},"end":{"line":190,"column":80}},"type":"if","locations":[{"start":{"line":190,"column":6},"end":{"line":190,"column":80}},{"start":{},"end":{}}],"line":190},"19":{"loc":{"start":{"line":201,"column":34},"end":{"line":201,"column":73}},"type":"cond-expr","locations":[{"start":{"line":201,"column":56},"end":{"line":201,"column":69}},{"start":{"line":201,"column":72},"end":{"line":201,"column":73}}],"line":201},"20":{"loc":{"start":{"line":201,"column":34},"end":{"line":201,"column":53}},"type":"binary-expr","locations":[{"start":{"line":201,"column":34},"end":{"line":201,"column":36}},{"start":{"line":201,"column":40},"end":{"line":201,"column":53}}],"line":201},"21":{"loc":{"start":{"line":206,"column":8},"end":{"line":208,"column":9}},"type":"if","locations":[{"start":{"line":206,"column":8},"end":{"line":208,"column":9}},{"start":{},"end":{}}],"line":206},"22":{"loc":{"start":{"line":224,"column":6},"end":{"line":224,"column":80}},"type":"if","locations":[{"start":{"line":224,"column":6},"end":{"line":224,"column":80}},{"start":{},"end":{}}],"line":224},"23":{"loc":{"start":{"line":225,"column":6},"end":{"line":225,"column":103}},"type":"if","locations":[{"start":{"line":225,"column":6},"end":{"line":225,"column":103}},{"start":{},"end":{}}],"line":225},"24":{"loc":{"start":{"line":225,"column":10},"end":{"line":225,"column":31}},"type":"binary-expr","locations":[{"start":{"line":225,"column":10},"end":{"line":225,"column":15}},{"start":{"line":225,"column":19},"end":{"line":225,"column":31}}],"line":225},"25":{"loc":{"start":{"line":234,"column":36},"end":{"line":234,"column":80}},"type":"cond-expr","locations":[{"start":{"line":234,"column":62},"end":{"line":234,"column":76}},{"start":{"line":234,"column":79},"end":{"line":234,"column":80}}],"line":234},"26":{"loc":{"start":{"line":234,"column":36},"end":{"line":234,"column":59}},"type":"binary-expr","locations":[{"start":{"line":234,"column":36},"end":{"line":234,"column":41}},{"start":{"line":234,"column":45},"end":{"line":234,"column":59}}],"line":234},"27":{"loc":{"start":{"line":236,"column":10},"end":{"line":236,"column":65}},"type":"if","locations":[{"start":{"line":236,"column":10},"end":{"line":236,"column":65}},{"start":{},"end":{}}],"line":236},"28":{"loc":{"start":{"line":253,"column":2},"end":{"line":295,"column":3}},"type":"if","locations":[{"start":{"line":253,"column":2},"end":{"line":295,"column":3}},{"start":{},"end":{}}],"line":253},"29":{"loc":{"start":{"line":258,"column":8},"end":{"line":258,"column":89}},"type":"if","locations":[{"start":{"line":258,"column":8},"end":{"line":258,"column":89}},{"start":{},"end":{}}],"line":258},"30":{"loc":{"start":{"line":259,"column":8},"end":{"line":261,"column":9}},"type":"if","locations":[{"start":{"line":259,"column":8},"end":{"line":261,"column":9}},{"start":{},"end":{}}],"line":259},"31":{"loc":{"start":{"line":259,"column":12},"end":{"line":259,"column":41}},"type":"binary-expr","locations":[{"start":{"line":259,"column":12},"end":{"line":259,"column":21}},{"start":{"line":259,"column":25},"end":{"line":259,"column":41}}],"line":259},"32":{"loc":{"start":{"line":269,"column":38},"end":{"line":269,"column":84}},"type":"cond-expr","locations":[{"start":{"line":269,"column":65},"end":{"line":269,"column":80}},{"start":{"line":269,"column":83},"end":{"line":269,"column":84}}],"line":269},"33":{"loc":{"start":{"line":269,"column":38},"end":{"line":269,"column":62}},"type":"binary-expr","locations":[{"start":{"line":269,"column":38},"end":{"line":269,"column":43}},{"start":{"line":269,"column":47},"end":{"line":269,"column":62}}],"line":269},"34":{"loc":{"start":{"line":271,"column":12},"end":{"line":271,"column":72}},"type":"if","locations":[{"start":{"line":271,"column":12},"end":{"line":271,"column":72}},{"start":{},"end":{}}],"line":271},"35":{"loc":{"start":{"line":273,"column":12},"end":{"line":275,"column":13}},"type":"if","locations":[{"start":{"line":273,"column":12},"end":{"line":275,"column":13}},{"start":{},"end":{}}],"line":273},"36":{"loc":{"start":{"line":273,"column":16},"end":{"line":273,"column":90}},"type":"binary-expr","locations":[{"start":{"line":273,"column":16},"end":{"line":273,"column":52}},{"start":{"line":273,"column":56},"end":{"line":273,"column":90}}],"line":273},"37":{"loc":{"start":{"line":302,"column":6},"end":{"line":302,"column":85}},"type":"if","locations":[{"start":{"line":302,"column":6},"end":{"line":302,"column":85}},{"start":{},"end":{}}],"line":302},"38":{"loc":{"start":{"line":312,"column":34},"end":{"line":312,"column":73}},"type":"cond-expr","locations":[{"start":{"line":312,"column":56},"end":{"line":312,"column":69}},{"start":{"line":312,"column":72},"end":{"line":312,"column":73}}],"line":312},"39":{"loc":{"start":{"line":312,"column":34},"end":{"line":312,"column":53}},"type":"binary-expr","locations":[{"start":{"line":312,"column":34},"end":{"line":312,"column":36}},{"start":{"line":312,"column":40},"end":{"line":312,"column":53}}],"line":312},"40":{"loc":{"start":{"line":318,"column":8},"end":{"line":323,"column":9}},"type":"if","locations":[{"start":{"line":318,"column":8},"end":{"line":323,"column":9}},{"start":{},"end":{}}],"line":318},"41":{"loc":{"start":{"line":319,"column":10},"end":{"line":322,"column":11}},"type":"if","locations":[{"start":{"line":319,"column":10},"end":{"line":322,"column":11}},{"start":{},"end":{}}],"line":319},"42":{"loc":{"start":{"line":319,"column":14},"end":{"line":319,"column":88}},"type":"binary-expr","locations":[{"start":{"line":319,"column":14},"end":{"line":319,"column":50}},{"start":{"line":319,"column":54},"end":{"line":319,"column":88}}],"line":319},"43":{"loc":{"start":{"line":340,"column":13},"end":{"line":340,"column":37}},"type":"binary-expr","locations":[{"start":{"line":340,"column":13},"end":{"line":340,"column":29}},{"start":{"line":340,"column":33},"end":{"line":340,"column":37}}],"line":340},"44":{"loc":{"start":{"line":341,"column":0},"end":{"line":345,"column":1}},"type":"if","locations":[{"start":{"line":341,"column":0},"end":{"line":345,"column":1}},{"start":{},"end":{}}],"line":341}},"s":{"0":1,"1":1,"2":1,"3":1,"4":1,"5":1,"6":1,"7":1,"8":1,"9":10,"10":10,"11":10,"12":0,"13":10,"14":13,"15":0,"16":13,"17":2,"18":11,"19":3,"20":8,"21":2,"22":6,"23":1,"24":1,"25":0,"26":1,"27":1,"28":1,"29":1,"30":5,"31":5,"32":5,"33":1,"34":1,"35":1,"36":1,"37":1,"38":0,"39":1,"40":2,"41":2,"42":2,"43":2,"44":2,"45":2,"46":1,"47":1,"48":1,"49":1,"50":4,"51":4,"52":4,"53":4,"54":4,"55":4,"56":2,"57":1,"58":1,"59":2,"60":2,"61":2,"62":2,"63":1,"64":1,"65":1,"66":0,"67":0,"68":0,"69":0,"70":0,"71":0,"72":0,"73":0,"74":1,"75":10,"76":10,"77":10,"78":10,"79":10,"80":8,"81":8,"82":1,"83":1,"84":7,"85":0,"86":0,"87":7,"88":7,"89":7,"90":7,"91":7,"92":7,"93":4,"94":4,"95":3,"96":3,"97":3,"98":3,"99":3,"100":3,"101":8,"102":2,"103":2,"104":1,"105":1,"106":1,"107":2,"108":2,"109":2,"110":2,"111":2,"112":2,"113":2,"114":2,"115":1,"116":1,"117":1,"118":1,"119":1,"120":1,"121":1,"122":1,"123":1,"124":0,"125":1},"f":{"0":10,"1":10,"2":10,"3":13,"4":1,"5":5,"6":5,"7":1,"8":1,"9":2,"10":2,"11":4,"12":4,"13":2,"14":2,"15":0,"16":10,"17":8,"18":7,"19":2,"20":2,"21":2,"22":1,"23":0},"b":{"0":[0,10],"1":[0,13],"2":[13,1],"3":[2,11],"4":[13,9],"5":[3,8],"6":[11,3],"7":[2,6],"8":[8,8],"9":[0,1],"10":[5,0],"11":[5,5],"12":[1,1],"13":[1,1],"14":[1,1],"15":[1,1],"16":[0,1],"17":[1,0],"18":[1,1],"19":[4,0],"20":[4,4],"21":[2,2],"22":[1,1],"23":[1,0],"24":[1,1],"25":[0,0],"26":[0,0],"27":[0,0],"28":[8,2],"29":[1,7],"30":[0,7],"31":[7,7],"32":[7,0],"33":[7,7],"34":[4,3],"35":[3,0],"36":[3,0],"37":[1,1],"38":[2,0],"39":[2,2],"40":[1,1],"41":[1,0],"42":[1,0],"43":[1,1],"44":[0,1]},"_coverageSchema":"1a1c01bbd47fc00a2c39e90264f33305004495a9","hash":"f2990299d9696fba78e2999ce1f71cb6feab7228"}
}
