TN:
SF:server.js
FN:20,isNewUser
FN:21,(anonymous_1)
FN:22,(anonymous_2)
FN:30,validatePromotion
FN:39,(anonymous_4)
FN:140,(anonymous_5)
FN:144,(anonymous_6)
FN:162,(anonymous_7)
FN:172,(anonymous_8)
FN:180,(anonymous_9)
FN:189,(anonymous_10)
FN:196,(anonymous_11)
FN:200,(anonymous_12)
FN:216,(anonymous_13)
FN:223,(anonymous_14)
FN:233,(anonymous_15)
FN:245,(anonymous_16)
FN:257,(anonymous_17)
FN:268,(anonymous_18)
FN:301,(anonymous_19)
FN:307,(anonymous_20)
FN:311,(anonymous_21)
FN:336,(anonymous_22)
FN:342,(anonymous_23)
FNF:24
FNH:22
FNDA:10,isNewUser
FNDA:10,(anonymous_1)
FNDA:10,(anonymous_2)
FNDA:13,validatePromotion
FNDA:1,(anonymous_4)
FNDA:5,(anonymous_5)
FNDA:5,(anonymous_6)
FNDA:1,(anonymous_7)
FNDA:1,(anonymous_8)
FNDA:2,(anonymous_9)
FNDA:2,(anonymous_10)
FNDA:4,(anonymous_11)
FNDA:4,(anonymous_12)
FNDA:2,(anonymous_13)
FNDA:2,(anonymous_14)
FNDA:0,(anonymous_15)
FNDA:10,(anonymous_16)
FNDA:8,(anonymous_17)
FNDA:7,(anonymous_18)
FNDA:2,(anonymous_19)
FNDA:2,(anonymous_20)
FNDA:2,(anonymous_21)
FNDA:1,(anonymous_22)
FNDA:0,(anonymous_23)
DA:1,1
DA:2,1
DA:3,1
DA:4,1
DA:5,1
DA:7,1
DA:8,1
DA:9,1
DA:11,1
DA:21,10
DA:22,10
DA:23,10
DA:24,10
DA:31,13
DA:32,13
DA:33,11
DA:34,8
DA:35,6
DA:39,1
DA:40,1
DA:41,1
DA:58,1
DA:68,1
DA:140,1
DA:141,5
DA:145,5
DA:146,5
DA:162,1
DA:163,1
DA:164,1
DA:173,1
DA:174,0
DA:180,1
DA:181,2
DA:182,2
DA:183,2
DA:184,2
DA:186,2
DA:190,2
DA:192,1
DA:193,1
DA:194,1
DA:195,4
DA:196,4
DA:197,4
DA:201,4
DA:202,4
DA:206,4
DA:207,2
DA:210,1
DA:216,1
DA:217,2
DA:218,2
DA:220,2
DA:224,2
DA:225,1
DA:226,0
DA:228,0
DA:230,0
DA:234,0
DA:235,0
DA:236,0
DA:237,0
DA:245,1
DA:246,10
DA:247,10
DA:249,10
DA:250,10
DA:253,10
DA:254,8
DA:258,8
DA:259,7
DA:260,0
DA:262,7
DA:263,7
DA:265,7
DA:269,7
DA:270,7
DA:271,7
DA:273,3
DA:274,3
DA:276,3
DA:280,3
DA:282,3
DA:288,3
DA:294,8
DA:297,2
DA:302,2
DA:304,1
DA:305,2
DA:306,2
DA:307,2
DA:308,2
DA:312,2
DA:313,2
DA:317,2
DA:318,2
DA:319,1
DA:320,1
DA:321,1
DA:325,1
DA:331,1
DA:336,1
DA:337,1
DA:340,1
DA:341,1
DA:342,0
DA:347,1
LF:108
LH:98
BRDA:23,0,0,0
BRDA:23,0,1,10
BRDA:31,1,0,0
BRDA:31,1,1,13
BRDA:31,2,0,13
BRDA:31,2,1,1
BRDA:32,3,0,2
BRDA:32,3,1,11
BRDA:32,4,0,13
BRDA:32,4,1,9
BRDA:33,5,0,3
BRDA:33,5,1,8
BRDA:33,6,0,11
BRDA:33,6,1,3
BRDA:34,7,0,2
BRDA:34,7,1,6
BRDA:34,8,0,8
BRDA:34,8,1,8
BRDA:40,9,0,0
BRDA:40,9,1,1
BRDA:145,10,0,5
BRDA:145,10,1,0
BRDA:145,11,0,5
BRDA:145,11,1,5
BRDA:169,12,0,1
BRDA:169,12,1,1
BRDA:170,13,0,1
BRDA:170,13,1,1
BRDA:170,14,0,1
BRDA:170,14,1,1
BRDA:170,15,0,1
BRDA:170,15,1,1
BRDA:170,16,0,0
BRDA:170,16,1,1
BRDA:173,17,0,1
BRDA:173,17,1,0
BRDA:190,18,0,1
BRDA:190,18,1,1
BRDA:201,19,0,4
BRDA:201,19,1,0
BRDA:201,20,0,4
BRDA:201,20,1,4
BRDA:206,21,0,2
BRDA:206,21,1,2
BRDA:224,22,0,1
BRDA:224,22,1,1
BRDA:225,23,0,1
BRDA:225,23,1,0
BRDA:225,24,0,1
BRDA:225,24,1,1
BRDA:234,25,0,0
BRDA:234,25,1,0
BRDA:234,26,0,0
BRDA:234,26,1,0
BRDA:236,27,0,0
BRDA:236,27,1,0
BRDA:253,28,0,8
BRDA:253,28,1,2
BRDA:258,29,0,1
BRDA:258,29,1,7
BRDA:259,30,0,0
BRDA:259,30,1,7
BRDA:259,31,0,7
BRDA:259,31,1,7
BRDA:269,32,0,7
BRDA:269,32,1,0
BRDA:269,33,0,7
BRDA:269,33,1,7
BRDA:271,34,0,4
BRDA:271,34,1,3
BRDA:273,35,0,3
BRDA:273,35,1,0
BRDA:273,36,0,3
BRDA:273,36,1,0
BRDA:302,37,0,1
BRDA:302,37,1,1
BRDA:312,38,0,2
BRDA:312,38,1,0
BRDA:312,39,0,2
BRDA:312,39,1,2
BRDA:318,40,0,1
BRDA:318,40,1,1
BRDA:319,41,0,1
BRDA:319,41,1,0
BRDA:319,42,0,1
BRDA:319,42,1,0
BRDA:340,43,0,1
BRDA:340,43,1,1
BRDA:341,44,0,0
BRDA:341,44,1,1
BRF:90
BRH:68
end_of_record
