<?xml version="1.0" encoding="UTF-8"?>
<coverage generated="1750909806813" clover="3.2.0">
  <project timestamp="1750909806813" name="All files">
    <metrics statements="61" coveredstatements="49" conditionals="30" coveredconditionals="14" methods="13" coveredmethods="11" elements="104" coveredelements="74" complexity="0" loc="61" ncloc="61" packages="1" files="1" classes="1"/>
    <file name="server.js" path="G:\UshaSree Project 1.0\App Code\order-service\server.js">
      <metrics statements="61" coveredstatements="49" conditionals="30" coveredconditionals="14" methods="13" coveredmethods="11"/>
      <line num="6" count="1" type="stmt"/>
      <line num="7" count="1" type="stmt"/>
      <line num="8" count="1" type="stmt"/>
      <line num="9" count="1" type="stmt"/>
      <line num="10" count="1" type="stmt"/>
      <line num="12" count="1" type="stmt"/>
      <line num="13" count="1" type="stmt"/>
      <line num="14" count="1" type="stmt"/>
      <line num="17" count="1" type="stmt"/>
      <line num="18" count="1" type="stmt"/>
      <line num="19" count="1" type="stmt"/>
      <line num="20" count="1" type="stmt"/>
      <line num="22" count="1" type="stmt"/>
      <line num="27" count="1" type="stmt"/>
      <line num="28" count="2" type="stmt"/>
      <line num="29" count="2" type="stmt"/>
      <line num="32" count="2" type="cond" truecount="10" falsecount="0"/>
      <line num="33" count="1" type="stmt"/>
      <line num="37" count="1" type="stmt"/>
      <line num="38" count="1" type="cond" truecount="1" falsecount="1"/>
      <line num="39" count="0" type="stmt"/>
      <line num="40" count="0" type="stmt"/>
      <line num="41" count="0" type="stmt"/>
      <line num="51" count="0" type="cond" truecount="0" falsecount="2"/>
      <line num="52" count="0" type="cond" truecount="0" falsecount="2"/>
      <line num="53" count="0" type="cond" truecount="0" falsecount="2"/>
      <line num="57" count="0" type="stmt"/>
      <line num="58" count="0" type="stmt"/>
      <line num="61" count="1" type="stmt"/>
      <line num="62" count="1" type="stmt"/>
      <line num="63" count="1" type="stmt"/>
      <line num="67" count="1" type="stmt"/>
      <line num="78" count="1" type="stmt"/>
      <line num="81" count="1" type="stmt"/>
      <line num="82" count="2" type="stmt"/>
      <line num="92" count="1" type="stmt"/>
      <line num="94" count="1" type="stmt"/>
      <line num="105" count="1" type="stmt"/>
      <line num="115" count="0" type="cond" truecount="0" falsecount="2"/>
      <line num="122" count="1" type="stmt"/>
      <line num="123" count="1" type="stmt"/>
      <line num="124" count="1" type="cond" truecount="1" falsecount="1"/>
      <line num="126" count="1" type="stmt"/>
      <line num="127" count="1" type="stmt"/>
      <line num="129" count="2" type="stmt"/>
      <line num="131" count="1" type="stmt"/>
      <line num="137" count="1" type="stmt"/>
      <line num="138" count="1" type="stmt"/>
      <line num="139" count="1" type="stmt"/>
      <line num="145" count="1" type="stmt"/>
      <line num="146" count="2" type="stmt"/>
      <line num="147" count="1" type="stmt"/>
      <line num="153" count="1" type="stmt"/>
      <line num="154" count="1" type="stmt"/>
      <line num="161" count="1" type="stmt"/>
      <line num="163" count="0" type="cond" truecount="0" falsecount="2"/>
      <line num="164" count="0" type="stmt"/>
      <line num="169" count="1" type="cond" truecount="1" falsecount="1"/>
      <line num="170" count="1" type="cond" truecount="1" falsecount="1"/>
      <line num="171" count="0" type="stmt"/>
      <line num="177" count="1" type="stmt"/>
    </file>
  </project>
</coverage>
