{"G:\\UshaSree Project 1.0\\App Code\\order-service\\server.js": {"path":"G:\\UshaSree Project 1.0\\App Code\\order-service\\server.js","statementMap":{"0":{"start":{"line":6,"column":16},"end":{"line":6,"column":34}},"1":{"start":{"line":7,"column":19},"end":{"line":7,"column":41}},"2":{"start":{"line":8,"column":13},"end":{"line":8,"column":28}},"3":{"start":{"line":9,"column":14},"end":{"line":9,"column":30}},"4":{"start":{"line":10,"column":0},"end":{"line":10,"column":27}},"5":{"start":{"line":12,"column":12},"end":{"line":12,"column":21}},"6":{"start":{"line":13,"column":0},"end":{"line":13,"column":27}},"7":{"start":{"line":14,"column":0},"end":{"line":14,"column":16}},"8":{"start":{"line":17,"column":13},"end":{"line":17,"column":15}},"9":{"start":{"line":18,"column":17},"end":{"line":18,"column":19}},"10":{"start":{"line":19,"column":14},"end":{"line":19,"column":15}},"11":{"start":{"line":20,"column":18},"end":{"line":20,"column":19}},"12":{"start":{"line":22,"column":26},"end":{"line":22,"column":66}},"13":{"start":{"line":27,"column":0},"end":{"line":117,"column":3}},"14":{"start":{"line":28,"column":2},"end":{"line":116,"column":3}},"15":{"start":{"line":29,"column":73},"end":{"line":29,"column":81}},"16":{"start":{"line":32,"column":4},"end":{"line":34,"column":5}},"17":{"start":{"line":33,"column":6},"end":{"line":33,"column":116}},"18":{"start":{"line":37,"column":19},"end":{"line":37,"column":20}},"19":{"start":{"line":37,"column":53},"end":{"line":37,"column":55}},"20":{"start":{"line":38,"column":4},"end":{"line":64,"column":5}},"21":{"start":{"line":39,"column":6},"end":{"line":59,"column":7}},"22":{"start":{"line":40,"column":30},"end":{"line":40,"column":42}},"23":{"start":{"line":41,"column":25},"end":{"line":50,"column":9}},"24":{"start":{"line":51,"column":8},"end":{"line":51,"column":53}},"25":{"start":{"line":52,"column":8},"end":{"line":52,"column":72}},"26":{"start":{"line":53,"column":8},"end":{"line":53,"column":60}},"27":{"start":{"line":57,"column":8},"end":{"line":57,"column":29}},"28":{"start":{"line":58,"column":8},"end":{"line":58,"column":28}},"29":{"start":{"line":61,"column":6},"end":{"line":61,"column":19}},"30":{"start":{"line":62,"column":6},"end":{"line":62,"column":27}},"31":{"start":{"line":63,"column":6},"end":{"line":63,"column":26}},"32":{"start":{"line":67,"column":21},"end":{"line":77,"column":5}},"33":{"start":{"line":78,"column":4},"end":{"line":78,"column":26}},"34":{"start":{"line":81,"column":4},"end":{"line":89,"column":7}},"35":{"start":{"line":82,"column":6},"end":{"line":88,"column":9}},"36":{"start":{"line":92,"column":4},"end":{"line":103,"column":5}},"37":{"start":{"line":94,"column":6},"end":{"line":99,"column":9}},"38":{"start":{"line":105,"column":4},"end":{"line":112,"column":7}},"39":{"start":{"line":115,"column":4},"end":{"line":115,"column":84}},"40":{"start":{"line":115,"column":26},"end":{"line":115,"column":84}},"41":{"start":{"line":122,"column":0},"end":{"line":132,"column":3}},"42":{"start":{"line":123,"column":18},"end":{"line":123,"column":35}},"43":{"start":{"line":124,"column":2},"end":{"line":124,"column":77}},"44":{"start":{"line":124,"column":16},"end":{"line":124,"column":77}},"45":{"start":{"line":126,"column":21},"end":{"line":126,"column":70}},"46":{"start":{"line":126,"column":40},"end":{"line":126,"column":69}},"47":{"start":{"line":127,"column":25},"end":{"line":130,"column":5}},"48":{"start":{"line":127,"column":50},"end":{"line":130,"column":3}},"49":{"start":{"line":129,"column":37},"end":{"line":129,"column":63}},"50":{"start":{"line":131,"column":2},"end":{"line":131,"column":27}},"51":{"start":{"line":137,"column":0},"end":{"line":140,"column":3}},"52":{"start":{"line":138,"column":18},"end":{"line":138,"column":77}},"53":{"start":{"line":138,"column":37},"end":{"line":138,"column":76}},"54":{"start":{"line":139,"column":2},"end":{"line":139,"column":32}},"55":{"start":{"line":145,"column":0},"end":{"line":148,"column":3}},"56":{"start":{"line":146,"column":18},"end":{"line":146,"column":83}},"57":{"start":{"line":146,"column":41},"end":{"line":146,"column":82}},"58":{"start":{"line":147,"column":2},"end":{"line":147,"column":31}},"59":{"start":{"line":153,"column":0},"end":{"line":155,"column":3}},"60":{"start":{"line":154,"column":2},"end":{"line":154,"column":48}},"61":{"start":{"line":161,"column":0},"end":{"line":166,"column":3}},"62":{"start":{"line":163,"column":2},"end":{"line":165,"column":3}},"63":{"start":{"line":164,"column":4},"end":{"line":164,"column":64}},"64":{"start":{"line":169,"column":13},"end":{"line":169,"column":37}},"65":{"start":{"line":170,"column":0},"end":{"line":176,"column":1}},"66":{"start":{"line":171,"column":2},"end":{"line":175,"column":5}},"67":{"start":{"line":177,"column":0},"end":{"line":177,"column":21}}},"fnMap":{"0":{"name":"(anonymous_0)","decl":{"start":{"line":27,"column":20},"end":{"line":27,"column":21}},"loc":{"start":{"line":27,"column":40},"end":{"line":117,"column":1}},"line":27},"1":{"name":"(anonymous_1)","decl":{"start":{"line":81,"column":18},"end":{"line":81,"column":19}},"loc":{"start":{"line":81,"column":26},"end":{"line":89,"column":5}},"line":81},"2":{"name":"(anonymous_2)","decl":{"start":{"line":122,"column":19},"end":{"line":122,"column":20}},"loc":{"start":{"line":122,"column":33},"end":{"line":132,"column":1}},"line":122},"3":{"name":"(anonymous_3)","decl":{"start":{"line":126,"column":35},"end":{"line":126,"column":36}},"loc":{"start":{"line":126,"column":40},"end":{"line":126,"column":69}},"line":126},"4":{"name":"(anonymous_4)","decl":{"start":{"line":127,"column":40},"end":{"line":127,"column":41}},"loc":{"start":{"line":127,"column":50},"end":{"line":130,"column":3}},"line":127},"5":{"name":"(anonymous_5)","decl":{"start":{"line":129,"column":29},"end":{"line":129,"column":30}},"loc":{"start":{"line":129,"column":37},"end":{"line":129,"column":63}},"line":129},"6":{"name":"(anonymous_6)","decl":{"start":{"line":137,"column":27},"end":{"line":137,"column":28}},"loc":{"start":{"line":137,"column":41},"end":{"line":140,"column":1}},"line":137},"7":{"name":"(anonymous_7)","decl":{"start":{"line":138,"column":32},"end":{"line":138,"column":33}},"loc":{"start":{"line":138,"column":37},"end":{"line":138,"column":76}},"line":138},"8":{"name":"(anonymous_8)","decl":{"start":{"line":145,"column":33},"end":{"line":145,"column":34}},"loc":{"start":{"line":145,"column":47},"end":{"line":148,"column":1}},"line":145},"9":{"name":"(anonymous_9)","decl":{"start":{"line":146,"column":36},"end":{"line":146,"column":37}},"loc":{"start":{"line":146,"column":41},"end":{"line":146,"column":82}},"line":146},"10":{"name":"(anonymous_10)","decl":{"start":{"line":153,"column":20},"end":{"line":153,"column":21}},"loc":{"start":{"line":153,"column":34},"end":{"line":155,"column":1}},"line":153},"11":{"name":"(anonymous_11)","decl":{"start":{"line":161,"column":8},"end":{"line":161,"column":9}},"loc":{"start":{"line":161,"column":33},"end":{"line":166,"column":1}},"line":161},"12":{"name":"(anonymous_12)","decl":{"start":{"line":171,"column":19},"end":{"line":171,"column":20}},"loc":{"start":{"line":171,"column":25},"end":{"line":175,"column":3}},"line":171}},"branchMap":{"0":{"loc":{"start":{"line":32,"column":4},"end":{"line":34,"column":5}},"type":"if","locations":[{"start":{"line":32,"column":4},"end":{"line":34,"column":5}},{"start":{},"end":{}}],"line":32},"1":{"loc":{"start":{"line":32,"column":8},"end":{"line":32,"column":114}},"type":"binary-expr","locations":[{"start":{"line":32,"column":8},"end":{"line":32,"column":16}},{"start":{"line":32,"column":20},"end":{"line":32,"column":26}},{"start":{"line":32,"column":30},"end":{"line":32,"column":51}},{"start":{"line":32,"column":55},"end":{"line":32,"column":73}},{"start":{"line":32,"column":77},"end":{"line":32,"column":83}},{"start":{"line":32,"column":87},"end":{"line":32,"column":95}},{"start":{"line":32,"column":99},"end":{"line":32,"column":104}},{"start":{"line":32,"column":108},"end":{"line":32,"column":114}}],"line":32},"2":{"loc":{"start":{"line":38,"column":4},"end":{"line":64,"column":5}},"type":"if","locations":[{"start":{"line":38,"column":4},"end":{"line":64,"column":5}},{"start":{"line":60,"column":11},"end":{"line":64,"column":5}}],"line":38},"3":{"loc":{"start":{"line":47,"column":18},"end":{"line":47,"column":37}},"type":"binary-expr","locations":[{"start":{"line":47,"column":18},"end":{"line":47,"column":29}},{"start":{"line":47,"column":33},"end":{"line":47,"column":37}}],"line":47},"4":{"loc":{"start":{"line":51,"column":19},"end":{"line":51,"column":52}},"type":"binary-expr","locations":[{"start":{"line":51,"column":19},"end":{"line":51,"column":47}},{"start":{"line":51,"column":51},"end":{"line":51,"column":52}}],"line":51},"5":{"loc":{"start":{"line":52,"column":23},"end":{"line":52,"column":71}},"type":"binary-expr","locations":[{"start":{"line":52,"column":23},"end":{"line":52,"column":49}},{"start":{"line":52,"column":54},"end":{"line":52,"column":70}}],"line":52},"6":{"loc":{"start":{"line":53,"column":25},"end":{"line":53,"column":59}},"type":"binary-expr","locations":[{"start":{"line":53,"column":25},"end":{"line":53,"column":53}},{"start":{"line":53,"column":57},"end":{"line":53,"column":59}}],"line":53},"7":{"loc":{"start":{"line":115,"column":4},"end":{"line":115,"column":84}},"type":"if","locations":[{"start":{"line":115,"column":4},"end":{"line":115,"column":84}},{"start":{},"end":{}}],"line":115},"8":{"loc":{"start":{"line":124,"column":2},"end":{"line":124,"column":77}},"type":"if","locations":[{"start":{"line":124,"column":2},"end":{"line":124,"column":77}},{"start":{},"end":{}}],"line":124},"9":{"loc":{"start":{"line":163,"column":2},"end":{"line":165,"column":3}},"type":"if","locations":[{"start":{"line":163,"column":2},"end":{"line":165,"column":3}},{"start":{},"end":{}}],"line":163},"10":{"loc":{"start":{"line":169,"column":13},"end":{"line":169,"column":37}},"type":"binary-expr","locations":[{"start":{"line":169,"column":13},"end":{"line":169,"column":29}},{"start":{"line":169,"column":33},"end":{"line":169,"column":37}}],"line":169},"11":{"loc":{"start":{"line":170,"column":0},"end":{"line":176,"column":1}},"type":"if","locations":[{"start":{"line":170,"column":0},"end":{"line":176,"column":1}},{"start":{},"end":{}}],"line":170}},"s":{"0":1,"1":1,"2":1,"3":1,"4":1,"5":1,"6":1,"7":1,"8":1,"9":1,"10":1,"11":1,"12":1,"13":1,"14":2,"15":2,"16":2,"17":1,"18":1,"19":1,"20":1,"21":0,"22":0,"23":0,"24":0,"25":0,"26":0,"27":0,"28":0,"29":1,"30":1,"31":1,"32":1,"33":1,"34":1,"35":2,"36":1,"37":1,"38":1,"39":0,"40":0,"41":1,"42":1,"43":1,"44":0,"45":1,"46":1,"47":1,"48":1,"49":2,"50":1,"51":1,"52":1,"53":1,"54":1,"55":1,"56":1,"57":2,"58":1,"59":1,"60":1,"61":1,"62":0,"63":0,"64":1,"65":1,"66":0,"67":1},"f":{"0":2,"1":2,"2":1,"3":1,"4":1,"5":2,"6":1,"7":1,"8":1,"9":2,"10":1,"11":0,"12":0},"b":{"0":[1,1],"1":[2,2,1,1,1,1,1,1],"2":[0,1],"3":[0,0],"4":[0,0],"5":[0,0],"6":[0,0],"7":[0,0],"8":[0,1],"9":[0,0],"10":[1,0],"11":[0,1]},"_coverageSchema":"1a1c01bbd47fc00a2c39e90264f33305004495a9","hash":"0d28a035c06299e36bbf8e156778a9fd93ad75cf"}
}
