TN:
SF:server.js
FN:27,(anonymous_0)
FN:81,(anonymous_1)
FN:122,(anonymous_2)
FN:126,(anonymous_3)
FN:127,(anonymous_4)
FN:129,(anonymous_5)
FN:137,(anonymous_6)
FN:138,(anonymous_7)
FN:145,(anonymous_8)
FN:146,(anonymous_9)
FN:153,(anonymous_10)
FN:161,(anonymous_11)
FN:171,(anonymous_12)
FNF:13
FNH:11
FNDA:2,(anonymous_0)
FNDA:2,(anonymous_1)
FNDA:1,(anonymous_2)
FNDA:1,(anonymous_3)
FNDA:1,(anonymous_4)
FNDA:2,(anonymous_5)
FNDA:1,(anonymous_6)
FNDA:1,(anonymous_7)
FNDA:1,(anonymous_8)
FNDA:2,(anonymous_9)
FNDA:1,(anonymous_10)
FNDA:0,(anonymous_11)
FNDA:0,(anonymous_12)
DA:6,1
DA:7,1
DA:8,1
DA:9,1
DA:10,1
DA:12,1
DA:13,1
DA:14,1
DA:17,1
DA:18,1
DA:19,1
DA:20,1
DA:22,1
DA:27,1
DA:28,2
DA:29,2
DA:32,2
DA:33,1
DA:37,1
DA:38,1
DA:39,0
DA:40,0
DA:41,0
DA:51,0
DA:52,0
DA:53,0
DA:57,0
DA:58,0
DA:61,1
DA:62,1
DA:63,1
DA:67,1
DA:78,1
DA:81,1
DA:82,2
DA:92,1
DA:94,1
DA:105,1
DA:115,0
DA:122,1
DA:123,1
DA:124,1
DA:126,1
DA:127,1
DA:129,2
DA:131,1
DA:137,1
DA:138,1
DA:139,1
DA:145,1
DA:146,2
DA:147,1
DA:153,1
DA:154,1
DA:161,1
DA:163,0
DA:164,0
DA:169,1
DA:170,1
DA:171,0
DA:177,1
LF:61
LH:49
BRDA:32,0,0,1
BRDA:32,0,1,1
BRDA:32,1,0,2
BRDA:32,1,1,2
BRDA:32,1,2,1
BRDA:32,1,3,1
BRDA:32,1,4,1
BRDA:32,1,5,1
BRDA:32,1,6,1
BRDA:32,1,7,1
BRDA:38,2,0,0
BRDA:38,2,1,1
BRDA:47,3,0,0
BRDA:47,3,1,0
BRDA:51,4,0,0
BRDA:51,4,1,0
BRDA:52,5,0,0
BRDA:52,5,1,0
BRDA:53,6,0,0
BRDA:53,6,1,0
BRDA:115,7,0,0
BRDA:115,7,1,0
BRDA:124,8,0,0
BRDA:124,8,1,1
BRDA:163,9,0,0
BRDA:163,9,1,0
BRDA:169,10,0,1
BRDA:169,10,1,0
BRDA:170,11,0,0
BRDA:170,11,1,1
BRF:30
BRH:14
end_of_record
