{"G:\\UshaSree Project 1.0\\App Code\\product-service\\productsData.js": {"path":"G:\\UshaSree Project 1.0\\App Code\\product-service\\productsData.js","statementMap":{"0":{"start":{"line":1,"column":0},"end":{"line":242,"column":2}}},"fnMap":{},"branchMap":{},"s":{"0":1},"f":{},"b":{},"_coverageSchema":"1a1c01bbd47fc00a2c39e90264f33305004495a9","hash":"c0f2caa576caf61b1dc81aec5ee689f478566b32"}
,"G:\\UshaSree Project 1.0\\App Code\\product-service\\server.js": {"path":"G:\\UshaSree Project 1.0\\App Code\\product-service\\server.js","statementMap":{"0":{"start":{"line":4,"column":16},"end":{"line":4,"column":34}},"1":{"start":{"line":5,"column":13},"end":{"line":5,"column":28}},"2":{"start":{"line":6,"column":0},"end":{"line":6,"column":27}},"3":{"start":{"line":7,"column":21},"end":{"line":7,"column":46}},"4":{"start":{"line":9,"column":12},"end":{"line":9,"column":21}},"5":{"start":{"line":10,"column":13},"end":{"line":10,"column":37}},"6":{"start":{"line":12,"column":0},"end":{"line":12,"column":16}},"7":{"start":{"line":13,"column":0},"end":{"line":13,"column":24}},"8":{"start":{"line":16,"column":15},"end":{"line":16,"column":67}},"9":{"start":{"line":21,"column":0},"end":{"line":23,"column":3}},"10":{"start":{"line":22,"column":2},"end":{"line":22,"column":29}},"11":{"start":{"line":28,"column":0},"end":{"line":30,"column":3}},"12":{"start":{"line":29,"column":2},"end":{"line":29,"column":21}},"13":{"start":{"line":35,"column":0},"end":{"line":41,"column":3}},"14":{"start":{"line":36,"column":18},"end":{"line":36,"column":76}},"15":{"start":{"line":36,"column":37},"end":{"line":36,"column":75}},"16":{"start":{"line":37,"column":2},"end":{"line":39,"column":3}},"17":{"start":{"line":38,"column":4},"end":{"line":38,"column":66}},"18":{"start":{"line":40,"column":2},"end":{"line":40,"column":20}},"19":{"start":{"line":47,"column":25},"end":{"line":47,"column":85}},"20":{"start":{"line":48,"column":2},"end":{"line":50,"column":4}},"21":{"start":{"line":49,"column":13},"end":{"line":49,"column":60}},"22":{"start":{"line":56,"column":0},"end":{"line":69,"column":3}},"23":{"start":{"line":57,"column":15},"end":{"line":57,"column":23}},"24":{"start":{"line":58,"column":2},"end":{"line":58,"column":46}},"25":{"start":{"line":59,"column":2},"end":{"line":59,"column":45}},"26":{"start":{"line":61,"column":2},"end":{"line":63,"column":3}},"27":{"start":{"line":62,"column":4},"end":{"line":62,"column":68}},"28":{"start":{"line":64,"column":2},"end":{"line":66,"column":3}},"29":{"start":{"line":64,"column":25},"end":{"line":64,"column":57}},"30":{"start":{"line":65,"column":4},"end":{"line":65,"column":74}},"31":{"start":{"line":67,"column":2},"end":{"line":67,"column":22}},"32":{"start":{"line":68,"column":2},"end":{"line":68,"column":29}},"33":{"start":{"line":74,"column":0},"end":{"line":82,"column":3}},"34":{"start":{"line":75,"column":14},"end":{"line":75,"column":77}},"35":{"start":{"line":75,"column":38},"end":{"line":75,"column":76}},"36":{"start":{"line":76,"column":2},"end":{"line":78,"column":3}},"37":{"start":{"line":77,"column":4},"end":{"line":77,"column":66}},"38":{"start":{"line":79,"column":18},"end":{"line":79,"column":73}},"39":{"start":{"line":80,"column":2},"end":{"line":80,"column":26}},"40":{"start":{"line":81,"column":2},"end":{"line":81,"column":20}},"41":{"start":{"line":87,"column":0},"end":{"line":94,"column":3}},"42":{"start":{"line":88,"column":14},"end":{"line":88,"column":77}},"43":{"start":{"line":88,"column":38},"end":{"line":88,"column":76}},"44":{"start":{"line":89,"column":2},"end":{"line":91,"column":3}},"45":{"start":{"line":90,"column":4},"end":{"line":90,"column":66}},"46":{"start":{"line":92,"column":2},"end":{"line":92,"column":26}},"47":{"start":{"line":93,"column":2},"end":{"line":93,"column":35}},"48":{"start":{"line":99,"column":0},"end":{"line":103,"column":3}},"49":{"start":{"line":100,"column":2},"end":{"line":100,"column":66}},"50":{"start":{"line":101,"column":2},"end":{"line":101,"column":49}},"51":{"start":{"line":102,"column":2},"end":{"line":102,"column":59}},"52":{"start":{"line":105,"column":0},"end":{"line":109,"column":1}},"53":{"start":{"line":106,"column":2},"end":{"line":108,"column":5}},"54":{"start":{"line":110,"column":0},"end":{"line":110,"column":21}}},"fnMap":{"0":{"name":"(anonymous_0)","decl":{"start":{"line":21,"column":19},"end":{"line":21,"column":20}},"loc":{"start":{"line":21,"column":33},"end":{"line":23,"column":1}},"line":21},"1":{"name":"(anonymous_1)","decl":{"start":{"line":28,"column":21},"end":{"line":28,"column":22}},"loc":{"start":{"line":28,"column":35},"end":{"line":30,"column":1}},"line":28},"2":{"name":"(anonymous_2)","decl":{"start":{"line":35,"column":25},"end":{"line":35,"column":26}},"loc":{"start":{"line":35,"column":39},"end":{"line":41,"column":1}},"line":35},"3":{"name":"(anonymous_3)","decl":{"start":{"line":36,"column":32},"end":{"line":36,"column":33}},"loc":{"start":{"line":36,"column":37},"end":{"line":36,"column":75}},"line":36},"4":{"name":"validateProductFields","decl":{"start":{"line":46,"column":9},"end":{"line":46,"column":30}},"loc":{"start":{"line":46,"column":36},"end":{"line":51,"column":1}},"line":46},"5":{"name":"(anonymous_5)","decl":{"start":{"line":49,"column":4},"end":{"line":49,"column":5}},"loc":{"start":{"line":49,"column":13},"end":{"line":49,"column":60}},"line":49},"6":{"name":"(anonymous_6)","decl":{"start":{"line":56,"column":22},"end":{"line":56,"column":23}},"loc":{"start":{"line":56,"column":36},"end":{"line":69,"column":1}},"line":56},"7":{"name":"(anonymous_7)","decl":{"start":{"line":64,"column":20},"end":{"line":64,"column":21}},"loc":{"start":{"line":64,"column":25},"end":{"line":64,"column":57}},"line":64},"8":{"name":"(anonymous_8)","decl":{"start":{"line":74,"column":25},"end":{"line":74,"column":26}},"loc":{"start":{"line":74,"column":39},"end":{"line":82,"column":1}},"line":74},"9":{"name":"(anonymous_9)","decl":{"start":{"line":75,"column":33},"end":{"line":75,"column":34}},"loc":{"start":{"line":75,"column":38},"end":{"line":75,"column":76}},"line":75},"10":{"name":"(anonymous_10)","decl":{"start":{"line":87,"column":28},"end":{"line":87,"column":29}},"loc":{"start":{"line":87,"column":42},"end":{"line":94,"column":1}},"line":87},"11":{"name":"(anonymous_11)","decl":{"start":{"line":88,"column":33},"end":{"line":88,"column":34}},"loc":{"start":{"line":88,"column":38},"end":{"line":88,"column":76}},"line":88},"12":{"name":"(anonymous_12)","decl":{"start":{"line":99,"column":28},"end":{"line":99,"column":29}},"loc":{"start":{"line":99,"column":42},"end":{"line":103,"column":1}},"line":99},"13":{"name":"(anonymous_13)","decl":{"start":{"line":106,"column":19},"end":{"line":106,"column":20}},"loc":{"start":{"line":106,"column":25},"end":{"line":108,"column":3}},"line":106}},"branchMap":{"0":{"loc":{"start":{"line":10,"column":13},"end":{"line":10,"column":37}},"type":"binary-expr","locations":[{"start":{"line":10,"column":13},"end":{"line":10,"column":29}},{"start":{"line":10,"column":33},"end":{"line":10,"column":37}}],"line":10},"1":{"loc":{"start":{"line":16,"column":15},"end":{"line":16,"column":67}},"type":"cond-expr","locations":[{"start":{"line":16,"column":45},"end":{"line":16,"column":62}},{"start":{"line":16,"column":65},"end":{"line":16,"column":67}}],"line":16},"2":{"loc":{"start":{"line":37,"column":2},"end":{"line":39,"column":3}},"type":"if","locations":[{"start":{"line":37,"column":2},"end":{"line":39,"column":3}},{"start":{},"end":{}}],"line":37},"3":{"loc":{"start":{"line":49,"column":13},"end":{"line":49,"column":60}},"type":"binary-expr","locations":[{"start":{"line":49,"column":13},"end":{"line":49,"column":37}},{"start":{"line":49,"column":41},"end":{"line":49,"column":60}}],"line":49},"4":{"loc":{"start":{"line":61,"column":2},"end":{"line":63,"column":3}},"type":"if","locations":[{"start":{"line":61,"column":2},"end":{"line":63,"column":3}},{"start":{},"end":{}}],"line":61},"5":{"loc":{"start":{"line":64,"column":2},"end":{"line":66,"column":3}},"type":"if","locations":[{"start":{"line":64,"column":2},"end":{"line":66,"column":3}},{"start":{},"end":{}}],"line":64},"6":{"loc":{"start":{"line":76,"column":2},"end":{"line":78,"column":3}},"type":"if","locations":[{"start":{"line":76,"column":2},"end":{"line":78,"column":3}},{"start":{},"end":{}}],"line":76},"7":{"loc":{"start":{"line":89,"column":2},"end":{"line":91,"column":3}},"type":"if","locations":[{"start":{"line":89,"column":2},"end":{"line":91,"column":3}},{"start":{},"end":{}}],"line":89},"8":{"loc":{"start":{"line":100,"column":13},"end":{"line":100,"column":65}},"type":"cond-expr","locations":[{"start":{"line":100,"column":43},"end":{"line":100,"column":60}},{"start":{"line":100,"column":63},"end":{"line":100,"column":65}}],"line":100},"9":{"loc":{"start":{"line":105,"column":0},"end":{"line":109,"column":1}},"type":"if","locations":[{"start":{"line":105,"column":0},"end":{"line":109,"column":1}},{"start":{},"end":{}}],"line":105}},"s":{"0":1,"1":1,"2":1,"3":1,"4":1,"5":1,"6":1,"7":1,"8":1,"9":1,"10":1,"11":1,"12":3,"13":1,"14":2,"15":31,"16":2,"17":1,"18":1,"19":4,"20":4,"21":20,"22":1,"23":4,"24":4,"25":4,"26":4,"27":1,"28":3,"29":61,"30":1,"31":2,"32":2,"33":1,"34":2,"35":31,"36":2,"37":1,"38":1,"39":1,"40":1,"41":1,"42":2,"43":31,"44":2,"45":1,"46":1,"47":1,"48":1,"49":13,"50":13,"51":13,"52":1,"53":0,"54":1},"f":{"0":1,"1":3,"2":2,"3":31,"4":4,"5":20,"6":4,"7":61,"8":2,"9":31,"10":2,"11":31,"12":13,"13":0},"b":{"0":[1,0],"1":[1,0],"2":[1,1],"3":[20,19],"4":[1,3],"5":[1,2],"6":[1,1],"7":[1,1],"8":[13,0],"9":[0,1]},"_coverageSchema":"1a1c01bbd47fc00a2c39e90264f33305004495a9","hash":"c4ec6f4bdab33958dd6f128807db8f15243fd2d9"}
}
