TN:
SF:productsData.js
FNF:0
FNH:0
DA:1,1
LF:1
LH:1
BRF:0
BRH:0
end_of_record
TN:
SF:server.js
FN:21,(anonymous_0)
FN:28,(anonymous_1)
FN:35,(anonymous_2)
FN:36,(anonymous_3)
FN:46,validateProductFields
FN:49,(anonymous_5)
FN:56,(anonymous_6)
FN:64,(anonymous_7)
FN:74,(anonymous_8)
FN:75,(anonymous_9)
FN:87,(anonymous_10)
FN:88,(anonymous_11)
FN:99,(anonymous_12)
FN:106,(anonymous_13)
FNF:14
FNH:13
FNDA:1,(anonymous_0)
FNDA:3,(anonymous_1)
FNDA:2,(anonymous_2)
FNDA:31,(anonymous_3)
FNDA:4,validateProductFields
FNDA:20,(anonymous_5)
FNDA:4,(anonymous_6)
FNDA:61,(anonymous_7)
FNDA:2,(anonymous_8)
FNDA:31,(anonymous_9)
FNDA:2,(anonymous_10)
FNDA:31,(anonymous_11)
FNDA:13,(anonymous_12)
FNDA:0,(anonymous_13)
DA:4,1
DA:5,1
DA:6,1
DA:7,1
DA:9,1
DA:10,1
DA:12,1
DA:13,1
DA:16,1
DA:21,1
DA:22,1
DA:28,1
DA:29,3
DA:35,1
DA:36,31
DA:37,2
DA:38,1
DA:40,1
DA:47,4
DA:48,4
DA:49,20
DA:56,1
DA:57,4
DA:58,4
DA:59,4
DA:61,4
DA:62,1
DA:64,61
DA:65,1
DA:67,2
DA:68,2
DA:74,1
DA:75,31
DA:76,2
DA:77,1
DA:79,1
DA:80,1
DA:81,1
DA:87,1
DA:88,31
DA:89,2
DA:90,1
DA:92,1
DA:93,1
DA:99,1
DA:100,13
DA:101,13
DA:102,13
DA:105,1
DA:106,0
DA:110,1
LF:51
LH:50
BRDA:10,0,0,1
BRDA:10,0,1,0
BRDA:16,1,0,1
BRDA:16,1,1,0
BRDA:37,2,0,1
BRDA:37,2,1,1
BRDA:49,3,0,20
BRDA:49,3,1,19
BRDA:61,4,0,1
BRDA:61,4,1,3
BRDA:64,5,0,1
BRDA:64,5,1,2
BRDA:76,6,0,1
BRDA:76,6,1,1
BRDA:89,7,0,1
BRDA:89,7,1,1
BRDA:100,8,0,13
BRDA:100,8,1,0
BRDA:105,9,0,0
BRDA:105,9,1,1
BRF:20
BRH:16
end_of_record
