{"G:\\UshaSree Project 1.0\\App Code\\auth-service\\server.js": {"path":"G:\\UshaSree Project 1.0\\App Code\\auth-service\\server.js","statementMap":{"0":{"start":{"line":1,"column":14},"end":{"line":1,"column":30}},"1":{"start":{"line":2,"column":16},"end":{"line":2,"column":34}},"2":{"start":{"line":3,"column":19},"end":{"line":3,"column":41}},"3":{"start":{"line":4,"column":14},"end":{"line":4,"column":31}},"4":{"start":{"line":5,"column":13},"end":{"line":5,"column":28}},"5":{"start":{"line":6,"column":0},"end":{"line":6,"column":27}},"6":{"start":{"line":8,"column":12},"end":{"line":8,"column":21}},"7":{"start":{"line":9,"column":0},"end":{"line":9,"column":27}},"8":{"start":{"line":10,"column":0},"end":{"line":10,"column":16}},"9":{"start":{"line":12,"column":15},"end":{"line":12,"column":46}},"10":{"start":{"line":16,"column":0},"end":{"line":48,"column":1}},"11":{"start":{"line":17,"column":2},"end":{"line":26,"column":5}},"12":{"start":{"line":47,"column":2},"end":{"line":47,"column":40}},"13":{"start":{"line":51,"column":0},"end":{"line":90,"column":3}},"14":{"start":{"line":52,"column":2},"end":{"line":52,"column":82}},"15":{"start":{"line":52,"column":14},"end":{"line":52,"column":82}},"16":{"start":{"line":53,"column":36},"end":{"line":53,"column":44}},"17":{"start":{"line":54,"column":2},"end":{"line":56,"column":3}},"18":{"start":{"line":55,"column":4},"end":{"line":55,"column":68}},"19":{"start":{"line":58,"column":2},"end":{"line":89,"column":4}},"20":{"start":{"line":62,"column":6},"end":{"line":68,"column":7}},"21":{"start":{"line":63,"column":8},"end":{"line":63,"column":47}},"22":{"start":{"line":64,"column":8},"end":{"line":66,"column":9}},"23":{"start":{"line":65,"column":10},"end":{"line":65,"column":79}},"24":{"start":{"line":67,"column":8},"end":{"line":67,"column":81}},"25":{"start":{"line":69,"column":6},"end":{"line":69,"column":60}},"26":{"start":{"line":72,"column":6},"end":{"line":87,"column":11}},"27":{"start":{"line":83,"column":10},"end":{"line":83,"column":62}},"28":{"start":{"line":86,"column":10},"end":{"line":86,"column":75}},"29":{"start":{"line":93,"column":0},"end":{"line":118,"column":3}},"30":{"start":{"line":94,"column":2},"end":{"line":94,"column":82}},"31":{"start":{"line":94,"column":14},"end":{"line":94,"column":82}},"32":{"start":{"line":95,"column":30},"end":{"line":95,"column":38}},"33":{"start":{"line":96,"column":2},"end":{"line":117,"column":4}},"34":{"start":{"line":100,"column":6},"end":{"line":103,"column":7}},"35":{"start":{"line":101,"column":8},"end":{"line":101,"column":46}},"36":{"start":{"line":102,"column":8},"end":{"line":102,"column":81}},"37":{"start":{"line":104,"column":6},"end":{"line":106,"column":7}},"38":{"start":{"line":105,"column":8},"end":{"line":105,"column":72}},"39":{"start":{"line":109,"column":20},"end":{"line":109,"column":33}},"40":{"start":{"line":110,"column":6},"end":{"line":115,"column":9}},"41":{"start":{"line":121,"column":0},"end":{"line":130,"column":3}},"42":{"start":{"line":122,"column":2},"end":{"line":122,"column":82}},"43":{"start":{"line":122,"column":14},"end":{"line":122,"column":82}},"44":{"start":{"line":123,"column":2},"end":{"line":129,"column":5}},"45":{"start":{"line":124,"column":4},"end":{"line":127,"column":5}},"46":{"start":{"line":125,"column":6},"end":{"line":125,"column":49}},"47":{"start":{"line":126,"column":6},"end":{"line":126,"column":79}},"48":{"start":{"line":128,"column":4},"end":{"line":128,"column":33}},"49":{"start":{"line":133,"column":0},"end":{"line":135,"column":3}},"50":{"start":{"line":134,"column":2},"end":{"line":134,"column":47}},"51":{"start":{"line":137,"column":0},"end":{"line":137,"column":21}}},"fnMap":{"0":{"name":"(anonymous_0)","decl":{"start":{"line":51,"column":20},"end":{"line":51,"column":21}},"loc":{"start":{"line":51,"column":34},"end":{"line":90,"column":1}},"line":51},"1":{"name":"(anonymous_1)","decl":{"start":{"line":61,"column":4},"end":{"line":61,"column":5}},"loc":{"start":{"line":61,"column":21},"end":{"line":88,"column":5}},"line":61},"2":{"name":"(anonymous_2)","decl":{"start":{"line":82,"column":14},"end":{"line":82,"column":15}},"loc":{"start":{"line":82,"column":20},"end":{"line":84,"column":9}},"line":82},"3":{"name":"(anonymous_3)","decl":{"start":{"line":85,"column":15},"end":{"line":85,"column":16}},"loc":{"start":{"line":85,"column":24},"end":{"line":87,"column":9}},"line":85},"4":{"name":"(anonymous_4)","decl":{"start":{"line":93,"column":19},"end":{"line":93,"column":20}},"loc":{"start":{"line":93,"column":33},"end":{"line":118,"column":1}},"line":93},"5":{"name":"(anonymous_5)","decl":{"start":{"line":99,"column":4},"end":{"line":99,"column":5}},"loc":{"start":{"line":99,"column":22},"end":{"line":116,"column":5}},"line":99},"6":{"name":"(anonymous_6)","decl":{"start":{"line":121,"column":18},"end":{"line":121,"column":19}},"loc":{"start":{"line":121,"column":32},"end":{"line":130,"column":1}},"line":121},"7":{"name":"(anonymous_7)","decl":{"start":{"line":123,"column":48},"end":{"line":123,"column":49}},"loc":{"start":{"line":123,"column":66},"end":{"line":129,"column":3}},"line":123},"8":{"name":"(anonymous_8)","decl":{"start":{"line":133,"column":20},"end":{"line":133,"column":21}},"loc":{"start":{"line":133,"column":34},"end":{"line":135,"column":1}},"line":133}},"branchMap":{"0":{"loc":{"start":{"line":16,"column":0},"end":{"line":48,"column":1}},"type":"if","locations":[{"start":{"line":16,"column":0},"end":{"line":48,"column":1}},{"start":{},"end":{}}],"line":16},"1":{"loc":{"start":{"line":52,"column":2},"end":{"line":52,"column":82}},"type":"if","locations":[{"start":{"line":52,"column":2},"end":{"line":52,"column":82}},{"start":{},"end":{}}],"line":52},"2":{"loc":{"start":{"line":54,"column":2},"end":{"line":56,"column":3}},"type":"if","locations":[{"start":{"line":54,"column":2},"end":{"line":56,"column":3}},{"start":{},"end":{}}],"line":54},"3":{"loc":{"start":{"line":54,"column":6},"end":{"line":54,"column":34}},"type":"binary-expr","locations":[{"start":{"line":54,"column":6},"end":{"line":54,"column":11}},{"start":{"line":54,"column":15},"end":{"line":54,"column":21}},{"start":{"line":54,"column":25},"end":{"line":54,"column":34}}],"line":54},"4":{"loc":{"start":{"line":62,"column":6},"end":{"line":68,"column":7}},"type":"if","locations":[{"start":{"line":62,"column":6},"end":{"line":68,"column":7}},{"start":{},"end":{}}],"line":62},"5":{"loc":{"start":{"line":64,"column":8},"end":{"line":66,"column":9}},"type":"if","locations":[{"start":{"line":64,"column":8},"end":{"line":66,"column":9}},{"start":{},"end":{}}],"line":64},"6":{"loc":{"start":{"line":94,"column":2},"end":{"line":94,"column":82}},"type":"if","locations":[{"start":{"line":94,"column":2},"end":{"line":94,"column":82}},{"start":{},"end":{}}],"line":94},"7":{"loc":{"start":{"line":100,"column":6},"end":{"line":103,"column":7}},"type":"if","locations":[{"start":{"line":100,"column":6},"end":{"line":103,"column":7}},{"start":{},"end":{}}],"line":100},"8":{"loc":{"start":{"line":104,"column":6},"end":{"line":106,"column":7}},"type":"if","locations":[{"start":{"line":104,"column":6},"end":{"line":106,"column":7}},{"start":{},"end":{}}],"line":104},"9":{"loc":{"start":{"line":122,"column":2},"end":{"line":122,"column":82}},"type":"if","locations":[{"start":{"line":122,"column":2},"end":{"line":122,"column":82}},{"start":{},"end":{}}],"line":122},"10":{"loc":{"start":{"line":124,"column":4},"end":{"line":127,"column":5}},"type":"if","locations":[{"start":{"line":124,"column":4},"end":{"line":127,"column":5}},{"start":{},"end":{}}],"line":124}},"s":{"0":1,"1":1,"2":1,"3":1,"4":1,"5":1,"6":1,"7":1,"8":1,"9":1,"10":1,"11":1,"12":1,"13":1,"14":5,"15":0,"16":5,"17":5,"18":1,"19":4,"20":4,"21":2,"22":2,"23":1,"24":1,"25":2,"26":2,"27":1,"28":1,"29":1,"30":3,"31":0,"32":3,"33":3,"34":3,"35":1,"36":1,"37":2,"38":1,"39":1,"40":1,"41":1,"42":2,"43":0,"44":2,"45":2,"46":1,"47":1,"48":1,"49":1,"50":1,"51":1},"f":{"0":5,"1":4,"2":1,"3":1,"4":3,"5":3,"6":2,"7":2,"8":1},"b":{"0":[1,0],"1":[0,5],"2":[1,4],"3":[5,4,4],"4":[2,2],"5":[1,1],"6":[0,3],"7":[1,2],"8":[1,1],"9":[0,2],"10":[1,1]},"_coverageSchema":"1a1c01bbd47fc00a2c39e90264f33305004495a9","hash":"09e88f0d578a8ef67bad77fef7b1b1cbc6fd8ff5"}
}
