TN:
SF:server.js
FN:51,(anonymous_0)
FN:61,(anonymous_1)
FN:82,(anonymous_2)
FN:85,(anonymous_3)
FN:93,(anonymous_4)
FN:99,(anonymous_5)
FN:121,(anonymous_6)
FN:123,(anonymous_7)
FN:133,(anonymous_8)
FNF:9
FNH:9
FNDA:5,(anonymous_0)
FNDA:4,(anonymous_1)
FNDA:1,(anonymous_2)
FNDA:1,(anonymous_3)
FNDA:3,(anonymous_4)
FNDA:3,(anonymous_5)
FNDA:2,(anonymous_6)
FNDA:2,(anonymous_7)
FNDA:1,(anonymous_8)
DA:1,1
DA:2,1
DA:3,1
DA:4,1
DA:5,1
DA:6,1
DA:8,1
DA:9,1
DA:10,1
DA:12,1
DA:16,1
DA:17,1
DA:47,1
DA:51,1
DA:52,5
DA:53,5
DA:54,5
DA:55,1
DA:58,4
DA:62,4
DA:63,2
DA:64,2
DA:65,1
DA:67,1
DA:69,2
DA:72,2
DA:83,1
DA:86,1
DA:93,1
DA:94,3
DA:95,3
DA:96,3
DA:100,3
DA:101,1
DA:102,1
DA:104,2
DA:105,1
DA:109,1
DA:110,1
DA:121,1
DA:122,2
DA:123,2
DA:124,2
DA:125,1
DA:126,1
DA:128,1
DA:133,1
DA:134,1
DA:137,1
LF:49
LH:49
BRDA:16,0,0,1
BRDA:16,0,1,0
BRDA:52,1,0,0
BRDA:52,1,1,5
BRDA:54,2,0,1
BRDA:54,2,1,4
BRDA:54,3,0,5
BRDA:54,3,1,4
BRDA:54,3,2,4
BRDA:62,4,0,2
BRDA:62,4,1,2
BRDA:64,5,0,1
BRDA:64,5,1,1
BRDA:94,6,0,0
BRDA:94,6,1,3
BRDA:100,7,0,1
BRDA:100,7,1,2
BRDA:104,8,0,1
BRDA:104,8,1,1
BRDA:122,9,0,0
BRDA:122,9,1,2
BRDA:124,10,0,1
BRDA:124,10,1,1
BRF:23
BRH:19
end_of_record
