<?xml version="1.0" encoding="UTF-8"?>
<coverage generated="1750909385597" clover="3.2.0">
  <project timestamp="1750909385597" name="All files">
    <metrics statements="20" coveredstatements="19" conditionals="4" coveredconditionals="2" methods="5" coveredmethods="4" elements="29" coveredelements="25" complexity="0" loc="20" ncloc="20" packages="1" files="1" classes="1"/>
    <file name="server.js" path="G:\UshaSree Project 1.0\App Code\api-gateway\server.js">
      <metrics statements="20" coveredstatements="19" conditionals="4" coveredconditionals="2" methods="5" coveredmethods="4"/>
      <line num="1" count="1" type="stmt"/>
      <line num="2" count="1" type="stmt"/>
      <line num="3" count="1" type="stmt"/>
      <line num="4" count="1" type="stmt"/>
      <line num="6" count="1" type="stmt"/>
      <line num="7" count="1" type="stmt"/>
      <line num="10" count="1" type="stmt"/>
      <line num="113" count="1" type="stmt"/>
      <line num="114" count="18" type="stmt"/>
      <line num="117" count="0" type="cond" truecount="1" falsecount="1"/>
      <line num="122" count="1" type="stmt"/>
      <line num="125" count="1" type="stmt"/>
      <line num="126" count="3" type="stmt"/>
      <line num="127" count="3" type="stmt"/>
      <line num="131" count="1" type="stmt"/>
      <line num="132" count="1" type="stmt"/>
      <line num="136" count="1" type="stmt"/>
      <line num="137" count="2" type="stmt"/>
      <line num="140" count="1" type="cond" truecount="1" falsecount="1"/>
      <line num="150" count="1" type="stmt"/>
    </file>
  </project>
</coverage>
