{"G:\\UshaSree Project 1.0\\App Code\\api-gateway\\server.js": {"path":"G:\\UshaSree Project 1.0\\App Code\\api-gateway\\server.js","statementMap":{"0":{"start":{"line":1,"column":16},"end":{"line":1,"column":34}},"1":{"start":{"line":2,"column":34},"end":{"line":2,"column":66}},"2":{"start":{"line":3,"column":13},"end":{"line":3,"column":28}},"3":{"start":{"line":4,"column":0},"end":{"line":4,"column":27}},"4":{"start":{"line":6,"column":12},"end":{"line":6,"column":21}},"5":{"start":{"line":7,"column":0},"end":{"line":7,"column":16}},"6":{"start":{"line":10,"column":15},"end":{"line":110,"column":1}},"7":{"start":{"line":113,"column":0},"end":{"line":120,"column":3}},"8":{"start":{"line":114,"column":2},"end":{"line":119,"column":6}},"9":{"start":{"line":117,"column":63},"end":{"line":117,"column":70}},"10":{"start":{"line":122,"column":0},"end":{"line":122,"column":24}},"11":{"start":{"line":125,"column":0},"end":{"line":128,"column":3}},"12":{"start":{"line":126,"column":2},"end":{"line":126,"column":56}},"13":{"start":{"line":127,"column":2},"end":{"line":127,"column":9}},"14":{"start":{"line":131,"column":0},"end":{"line":133,"column":3}},"15":{"start":{"line":132,"column":2},"end":{"line":132,"column":71}},"16":{"start":{"line":136,"column":0},"end":{"line":138,"column":3}},"17":{"start":{"line":137,"column":2},"end":{"line":137,"column":59}},"18":{"start":{"line":140,"column":13},"end":{"line":140,"column":37}},"19":{"start":{"line":150,"column":0},"end":{"line":150,"column":21}}},"fnMap":{"0":{"name":"(anonymous_0)","decl":{"start":{"line":113,"column":15},"end":{"line":113,"column":16}},"loc":{"start":{"line":113,"column":50},"end":{"line":120,"column":1}},"line":113},"1":{"name":"(anonymous_1)","decl":{"start":{"line":117,"column":45},"end":{"line":117,"column":46}},"loc":{"start":{"line":117,"column":63},"end":{"line":117,"column":70}},"line":117},"2":{"name":"(anonymous_2)","decl":{"start":{"line":125,"column":8},"end":{"line":125,"column":9}},"loc":{"start":{"line":125,"column":28},"end":{"line":128,"column":1}},"line":125},"3":{"name":"(anonymous_3)","decl":{"start":{"line":131,"column":24},"end":{"line":131,"column":25}},"loc":{"start":{"line":131,"column":38},"end":{"line":133,"column":1}},"line":131},"4":{"name":"(anonymous_4)","decl":{"start":{"line":136,"column":13},"end":{"line":136,"column":14}},"loc":{"start":{"line":136,"column":27},"end":{"line":138,"column":1}},"line":136}},"branchMap":{"0":{"loc":{"start":{"line":117,"column":17},"end":{"line":117,"column":70}},"type":"cond-expr","locations":[{"start":{"line":117,"column":31},"end":{"line":117,"column":42}},{"start":{"line":117,"column":45},"end":{"line":117,"column":70}}],"line":117},"1":{"loc":{"start":{"line":140,"column":13},"end":{"line":140,"column":37}},"type":"binary-expr","locations":[{"start":{"line":140,"column":13},"end":{"line":140,"column":29}},{"start":{"line":140,"column":33},"end":{"line":140,"column":37}}],"line":140}},"s":{"0":1,"1":1,"2":1,"3":1,"4":1,"5":1,"6":1,"7":1,"8":18,"9":0,"10":1,"11":1,"12":3,"13":3,"14":1,"15":1,"16":1,"17":2,"18":1,"19":1},"f":{"0":18,"1":0,"2":3,"3":1,"4":2},"b":{"0":[18,0],"1":[1,0]},"_coverageSchema":"1a1c01bbd47fc00a2c39e90264f33305004495a9","hash":"0ca2f3e3622d37e941d9ea71ec14aeaf57fcdeab"}
}
