TN:
SF:server.js
FN:113,(anonymous_0)
FN:117,(anonymous_1)
FN:125,(anonymous_2)
FN:131,(anonymous_3)
FN:136,(anonymous_4)
FNF:5
FNH:4
FNDA:18,(anonymous_0)
FNDA:0,(anonymous_1)
FNDA:3,(anonymous_2)
FNDA:1,(anonymous_3)
FNDA:2,(anonymous_4)
DA:1,1
DA:2,1
DA:3,1
DA:4,1
DA:6,1
DA:7,1
DA:10,1
DA:113,1
DA:114,18
DA:117,0
DA:122,1
DA:125,1
DA:126,3
DA:127,3
DA:131,1
DA:132,1
DA:136,1
DA:137,2
DA:140,1
DA:150,1
LF:20
LH:19
BRDA:117,0,0,18
BRDA:117,0,1,0
BRDA:140,1,0,1
BRDA:140,1,1,0
BRF:4
BRH:2
end_of_record
