{"G:\\UshaSree Project 1.0\\App Code\\cart-service\\server.js": {"path":"G:\\UshaSree Project 1.0\\App Code\\cart-service\\server.js","statementMap":{"0":{"start":{"line":1,"column":16},"end":{"line":1,"column":34}},"1":{"start":{"line":2,"column":19},"end":{"line":2,"column":41}},"2":{"start":{"line":3,"column":14},"end":{"line":3,"column":31}},"3":{"start":{"line":4,"column":13},"end":{"line":4,"column":28}},"4":{"start":{"line":5,"column":14},"end":{"line":5,"column":30}},"5":{"start":{"line":6,"column":0},"end":{"line":6,"column":27}},"6":{"start":{"line":8,"column":15},"end":{"line":8,"column":85}},"7":{"start":{"line":10,"column":12},"end":{"line":10,"column":21}},"8":{"start":{"line":11,"column":0},"end":{"line":11,"column":27}},"9":{"start":{"line":12,"column":0},"end":{"line":12,"column":16}},"10":{"start":{"line":15,"column":0},"end":{"line":49,"column":1}},"11":{"start":{"line":16,"column":2},"end":{"line":22,"column":5}},"12":{"start":{"line":24,"column":2},"end":{"line":45,"column":5}},"13":{"start":{"line":25,"column":4},"end":{"line":28,"column":5}},"14":{"start":{"line":26,"column":6},"end":{"line":26,"column":54}},"15":{"start":{"line":27,"column":6},"end":{"line":27,"column":22}},"16":{"start":{"line":29,"column":4},"end":{"line":43,"column":6}},"17":{"start":{"line":37,"column":8},"end":{"line":41,"column":9}},"18":{"start":{"line":38,"column":10},"end":{"line":38,"column":64}},"19":{"start":{"line":40,"column":10},"end":{"line":40,"column":45}},"20":{"start":{"line":44,"column":4},"end":{"line":44,"column":42}},"21":{"start":{"line":48,"column":2},"end":{"line":48,"column":44}},"22":{"start":{"line":52,"column":0},"end":{"line":67,"column":3}},"23":{"start":{"line":53,"column":2},"end":{"line":66,"column":5}},"24":{"start":{"line":54,"column":4},"end":{"line":54,"column":66}},"25":{"start":{"line":54,"column":13},"end":{"line":54,"column":66}},"26":{"start":{"line":55,"column":4},"end":{"line":65,"column":5}},"27":{"start":{"line":56,"column":19},"end":{"line":56,"column":26}},"28":{"start":{"line":57,"column":23},"end":{"line":57,"column":24}},"29":{"start":{"line":58,"column":26},"end":{"line":58,"column":37}},"30":{"start":{"line":59,"column":23},"end":{"line":61,"column":7}},"31":{"start":{"line":62,"column":6},"end":{"line":62,"column":52}},"32":{"start":{"line":64,"column":6},"end":{"line":64,"column":50}},"33":{"start":{"line":70,"column":0},"end":{"line":80,"column":3}},"34":{"start":{"line":71,"column":44},"end":{"line":71,"column":52}},"35":{"start":{"line":72,"column":2},"end":{"line":79,"column":4}},"36":{"start":{"line":76,"column":6},"end":{"line":76,"column":68}},"37":{"start":{"line":76,"column":15},"end":{"line":76,"column":68}},"38":{"start":{"line":77,"column":6},"end":{"line":77,"column":53}},"39":{"start":{"line":83,"column":0},"end":{"line":89,"column":3}},"40":{"start":{"line":84,"column":34},"end":{"line":84,"column":42}},"41":{"start":{"line":85,"column":2},"end":{"line":88,"column":5}},"42":{"start":{"line":86,"column":4},"end":{"line":86,"column":66}},"43":{"start":{"line":86,"column":13},"end":{"line":86,"column":66}},"44":{"start":{"line":87,"column":4},"end":{"line":87,"column":55}},"45":{"start":{"line":92,"column":0},"end":{"line":98,"column":3}},"46":{"start":{"line":93,"column":22},"end":{"line":93,"column":30}},"47":{"start":{"line":94,"column":2},"end":{"line":97,"column":5}},"48":{"start":{"line":95,"column":4},"end":{"line":95,"column":66}},"49":{"start":{"line":95,"column":13},"end":{"line":95,"column":66}},"50":{"start":{"line":96,"column":4},"end":{"line":96,"column":42}},"51":{"start":{"line":101,"column":0},"end":{"line":103,"column":3}},"52":{"start":{"line":102,"column":2},"end":{"line":102,"column":47}},"53":{"start":{"line":105,"column":0},"end":{"line":110,"column":1}},"54":{"start":{"line":106,"column":15},"end":{"line":106,"column":39}},"55":{"start":{"line":107,"column":2},"end":{"line":109,"column":5}},"56":{"start":{"line":108,"column":4},"end":{"line":108,"column":59}},"57":{"start":{"line":112,"column":0},"end":{"line":112,"column":21}}},"fnMap":{"0":{"name":"(anonymous_0)","decl":{"start":{"line":24,"column":13},"end":{"line":24,"column":14}},"loc":{"start":{"line":24,"column":22},"end":{"line":45,"column":3}},"line":24},"1":{"name":"(anonymous_1)","decl":{"start":{"line":36,"column":6},"end":{"line":36,"column":7}},"loc":{"start":{"line":36,"column":23},"end":{"line":42,"column":7}},"line":36},"2":{"name":"(anonymous_2)","decl":{"start":{"line":52,"column":25},"end":{"line":52,"column":26}},"loc":{"start":{"line":52,"column":45},"end":{"line":67,"column":1}},"line":52},"3":{"name":"(anonymous_3)","decl":{"start":{"line":53,"column":73},"end":{"line":53,"column":74}},"loc":{"start":{"line":53,"column":97},"end":{"line":66,"column":3}},"line":53},"4":{"name":"(anonymous_4)","decl":{"start":{"line":70,"column":22},"end":{"line":70,"column":23}},"loc":{"start":{"line":70,"column":36},"end":{"line":80,"column":1}},"line":70},"5":{"name":"(anonymous_5)","decl":{"start":{"line":75,"column":4},"end":{"line":75,"column":5}},"loc":{"start":{"line":75,"column":21},"end":{"line":78,"column":5}},"line":75},"6":{"name":"(anonymous_6)","decl":{"start":{"line":83,"column":25},"end":{"line":83,"column":26}},"loc":{"start":{"line":83,"column":39},"end":{"line":89,"column":1}},"line":83},"7":{"name":"(anonymous_7)","decl":{"start":{"line":85,"column":92},"end":{"line":85,"column":93}},"loc":{"start":{"line":85,"column":109},"end":{"line":88,"column":3}},"line":85},"8":{"name":"(anonymous_8)","decl":{"start":{"line":92,"column":24},"end":{"line":92,"column":25}},"loc":{"start":{"line":92,"column":38},"end":{"line":98,"column":1}},"line":92},"9":{"name":"(anonymous_9)","decl":{"start":{"line":94,"column":61},"end":{"line":94,"column":62}},"loc":{"start":{"line":94,"column":78},"end":{"line":97,"column":3}},"line":94},"10":{"name":"(anonymous_10)","decl":{"start":{"line":101,"column":20},"end":{"line":101,"column":21}},"loc":{"start":{"line":101,"column":34},"end":{"line":103,"column":1}},"line":101},"11":{"name":"(anonymous_11)","decl":{"start":{"line":107,"column":19},"end":{"line":107,"column":20}},"loc":{"start":{"line":107,"column":25},"end":{"line":109,"column":3}},"line":107}},"branchMap":{"0":{"loc":{"start":{"line":8,"column":15},"end":{"line":8,"column":85}},"type":"binary-expr","locations":[{"start":{"line":8,"column":15},"end":{"line":8,"column":46}},{"start":{"line":8,"column":50},"end":{"line":8,"column":85}}],"line":8},"1":{"loc":{"start":{"line":15,"column":0},"end":{"line":49,"column":1}},"type":"if","locations":[{"start":{"line":15,"column":0},"end":{"line":49,"column":1}},{"start":{"line":46,"column":7},"end":{"line":49,"column":1}}],"line":15},"2":{"loc":{"start":{"line":25,"column":4},"end":{"line":28,"column":5}},"type":"if","locations":[{"start":{"line":25,"column":4},"end":{"line":28,"column":5}},{"start":{},"end":{}}],"line":25},"3":{"loc":{"start":{"line":37,"column":8},"end":{"line":41,"column":9}},"type":"if","locations":[{"start":{"line":37,"column":8},"end":{"line":41,"column":9}},{"start":{"line":39,"column":15},"end":{"line":41,"column":9}}],"line":37},"4":{"loc":{"start":{"line":54,"column":4},"end":{"line":54,"column":66}},"type":"if","locations":[{"start":{"line":54,"column":4},"end":{"line":54,"column":66}},{"start":{},"end":{}}],"line":54},"5":{"loc":{"start":{"line":74,"column":26},"end":{"line":74,"column":39}},"type":"binary-expr","locations":[{"start":{"line":74,"column":26},"end":{"line":74,"column":34}},{"start":{"line":74,"column":38},"end":{"line":74,"column":39}}],"line":74},"6":{"loc":{"start":{"line":76,"column":6},"end":{"line":76,"column":68}},"type":"if","locations":[{"start":{"line":76,"column":6},"end":{"line":76,"column":68}},{"start":{},"end":{}}],"line":76},"7":{"loc":{"start":{"line":86,"column":4},"end":{"line":86,"column":66}},"type":"if","locations":[{"start":{"line":86,"column":4},"end":{"line":86,"column":66}},{"start":{},"end":{}}],"line":86},"8":{"loc":{"start":{"line":95,"column":4},"end":{"line":95,"column":66}},"type":"if","locations":[{"start":{"line":95,"column":4},"end":{"line":95,"column":66}},{"start":{},"end":{}}],"line":95},"9":{"loc":{"start":{"line":105,"column":0},"end":{"line":110,"column":1}},"type":"if","locations":[{"start":{"line":105,"column":0},"end":{"line":110,"column":1}},{"start":{},"end":{}}],"line":105},"10":{"loc":{"start":{"line":106,"column":15},"end":{"line":106,"column":39}},"type":"binary-expr","locations":[{"start":{"line":106,"column":15},"end":{"line":106,"column":31}},{"start":{"line":106,"column":35},"end":{"line":106,"column":39}}],"line":106}},"s":{"0":1,"1":1,"2":1,"3":1,"4":1,"5":1,"6":1,"7":1,"8":1,"9":1,"10":1,"11":0,"12":0,"13":0,"14":0,"15":0,"16":0,"17":0,"18":0,"19":0,"20":0,"21":1,"22":1,"23":3,"24":3,"25":1,"26":2,"27":2,"28":2,"29":2,"30":2,"31":1,"32":1,"33":1,"34":2,"35":2,"36":2,"37":1,"38":1,"39":1,"40":2,"41":2,"42":2,"43":1,"44":1,"45":1,"46":2,"47":2,"48":2,"49":1,"50":1,"51":1,"52":1,"53":1,"54":0,"55":0,"56":0,"57":1},"f":{"0":0,"1":0,"2":3,"3":3,"4":2,"5":2,"6":2,"7":2,"8":2,"9":2,"10":1,"11":0},"b":{"0":[1,1],"1":[0,1],"2":[0,0],"3":[0,0],"4":[1,2],"5":[2,0],"6":[1,1],"7":[1,1],"8":[1,1],"9":[0,1],"10":[0,0]},"_coverageSchema":"1a1c01bbd47fc00a2c39e90264f33305004495a9","hash":"b16dc7d3fd02cd3dae1c30ff733070c8d577937c"}
}
