TN:
SF:server.js
FN:24,(anonymous_0)
FN:36,(anonymous_1)
FN:52,(anonymous_2)
FN:53,(anonymous_3)
FN:70,(anonymous_4)
FN:75,(anonymous_5)
FN:83,(anonymous_6)
FN:85,(anonymous_7)
FN:92,(anonymous_8)
FN:94,(anonymous_9)
FN:101,(anonymous_10)
FN:107,(anonymous_11)
FNF:12
FNH:9
FNDA:0,(anonymous_0)
FNDA:0,(anonymous_1)
FNDA:3,(anonymous_2)
FNDA:3,(anonymous_3)
FNDA:2,(anonymous_4)
FNDA:2,(anonymous_5)
FNDA:2,(anonymous_6)
FNDA:2,(anonymous_7)
FNDA:2,(anonymous_8)
FNDA:2,(anonymous_9)
FNDA:1,(anonymous_10)
FNDA:0,(anonymous_11)
DA:1,1
DA:2,1
DA:3,1
DA:4,1
DA:5,1
DA:6,1
DA:8,1
DA:10,1
DA:11,1
DA:12,1
DA:15,1
DA:16,0
DA:24,0
DA:25,0
DA:26,0
DA:27,0
DA:29,0
DA:37,0
DA:38,0
DA:40,0
DA:44,0
DA:48,1
DA:52,1
DA:53,3
DA:54,3
DA:55,2
DA:56,2
DA:57,2
DA:58,2
DA:59,2
DA:62,1
DA:64,1
DA:70,1
DA:71,2
DA:72,2
DA:76,2
DA:77,1
DA:83,1
DA:84,2
DA:85,2
DA:86,2
DA:87,1
DA:92,1
DA:93,2
DA:94,2
DA:95,2
DA:96,1
DA:101,1
DA:102,1
DA:105,1
DA:106,0
DA:107,0
DA:108,0
DA:112,1
LF:54
LH:41
BRDA:8,0,0,1
BRDA:8,0,1,1
BRDA:15,1,0,0
BRDA:15,1,1,1
BRDA:25,2,0,0
BRDA:25,2,1,0
BRDA:37,3,0,0
BRDA:37,3,1,0
BRDA:54,4,0,1
BRDA:54,4,1,2
BRDA:74,5,0,2
BRDA:74,5,1,0
BRDA:76,6,0,1
BRDA:76,6,1,1
BRDA:86,7,0,1
BRDA:86,7,1,1
BRDA:95,8,0,1
BRDA:95,8,1,1
BRDA:105,9,0,0
BRDA:105,9,1,1
BRDA:106,10,0,0
BRDA:106,10,1,0
BRF:22
BRH:13
end_of_record
