<?xml version="1.0" encoding="UTF-8"?>
<coverage generated="1750909758008" clover="3.2.0">
  <project timestamp="1750909758008" name="All files">
    <metrics statements="83" coveredstatements="70" conditionals="52" coveredconditionals="38" methods="13" coveredmethods="11" elements="148" coveredelements="119" complexity="0" loc="83" ncloc="83" packages="1" files="1" classes="1"/>
    <file name="server.js" path="G:\UshaSree Project 1.0\App Code\notification-service\server.js">
      <metrics statements="83" coveredstatements="70" conditionals="52" coveredconditionals="38" methods="13" coveredmethods="11"/>
      <line num="2" count="16" type="stmt"/>
      <line num="3" count="16" type="stmt"/>
      <line num="4" count="16" type="stmt"/>
      <line num="5" count="16" type="stmt"/>
      <line num="6" count="16" type="stmt"/>
      <line num="7" count="16" type="stmt"/>
      <line num="9" count="16" type="stmt"/>
      <line num="10" count="16" type="stmt"/>
      <line num="11" count="16" type="stmt"/>
      <line num="13" count="16" type="stmt"/>
      <line num="14" count="16" type="stmt"/>
      <line num="15" count="16" type="cond" truecount="1" falsecount="1"/>
      <line num="17" count="16" type="stmt"/>
      <line num="18" count="16" type="stmt"/>
      <line num="20" count="16" type="stmt"/>
      <line num="22" count="16" type="cond" truecount="2" falsecount="0"/>
      <line num="23" count="3" type="stmt"/>
      <line num="24" count="3" type="stmt"/>
      <line num="31" count="3" type="stmt"/>
      <line num="32" count="3" type="cond" truecount="1" falsecount="1"/>
      <line num="33" count="0" type="stmt"/>
      <line num="34" count="0" type="stmt"/>
      <line num="36" count="3" type="stmt"/>
      <line num="45" count="3" type="cond" truecount="1" falsecount="1"/>
      <line num="46" count="3" type="stmt"/>
      <line num="52" count="16" type="stmt"/>
      <line num="61" count="2" type="stmt"/>
      <line num="76" count="2" type="stmt"/>
      <line num="77" count="2" type="cond" truecount="1" falsecount="1"/>
      <line num="78" count="0" type="stmt"/>
      <line num="80" count="2" type="stmt"/>
      <line num="85" count="0" type="stmt"/>
      <line num="89" count="16" type="stmt"/>
      <line num="90" count="1" type="stmt"/>
      <line num="94" count="16" type="stmt"/>
      <line num="95" count="4" type="stmt"/>
      <line num="96" count="4" type="cond" truecount="5" falsecount="0"/>
      <line num="97" count="1" type="stmt"/>
      <line num="99" count="3" type="cond" truecount="2" falsecount="0"/>
      <line num="100" count="1" type="stmt"/>
      <line num="103" count="2" type="stmt"/>
      <line num="105" count="2" type="cond" truecount="4" falsecount="0"/>
      <line num="106" count="1" type="cond" truecount="1" falsecount="1"/>
      <line num="107" count="0" type="stmt"/>
      <line num="108" count="0" type="stmt"/>
      <line num="109" count="0" type="stmt"/>
      <line num="110" count="0" type="stmt"/>
      <line num="111" count="0" type="cond" truecount="0" falsecount="2"/>
      <line num="112" count="0" type="stmt"/>
      <line num="114" count="0" type="stmt"/>
      <line num="117" count="0" type="stmt"/>
      <line num="120" count="1" type="stmt"/>
      <line num="124" count="2" type="cond" truecount="2" falsecount="0"/>
      <line num="125" count="2" type="cond" truecount="3" falsecount="1"/>
      <line num="126" count="2" type="cond" truecount="1" falsecount="1"/>
      <line num="128" count="2" type="cond" truecount="1" falsecount="1"/>
      <line num="132" count="16" type="stmt"/>
      <line num="133" count="7" type="stmt"/>
      <line num="134" count="7" type="cond" truecount="4" falsecount="0"/>
      <line num="135" count="3" type="stmt"/>
      <line num="137" count="4" type="cond" truecount="2" falsecount="0"/>
      <line num="138" count="1" type="stmt"/>
      <line num="139" count="1" type="stmt"/>
      <line num="140" count="1" type="cond" truecount="1" falsecount="1"/>
      <line num="141" count="1" type="stmt"/>
      <line num="143" count="0" type="stmt"/>
      <line num="146" count="3" type="stmt"/>
      <line num="153" count="3" type="stmt"/>
      <line num="154" count="3" type="stmt"/>
      <line num="159" count="16" type="stmt"/>
      <line num="160" count="3" type="cond" truecount="2" falsecount="0"/>
      <line num="161" count="1" type="stmt"/>
      <line num="163" count="2" type="stmt"/>
      <line num="167" count="16" type="stmt"/>
      <line num="168" count="2" type="cond" truecount="2" falsecount="0"/>
      <line num="169" count="1" type="stmt"/>
      <line num="171" count="1" type="stmt"/>
      <line num="172" count="1" type="stmt"/>
      <line num="176" count="16" type="stmt"/>
      <line num="177" count="13" type="stmt"/>
      <line num="178" count="13" type="stmt"/>
      <line num="181" count="16" type="cond" truecount="1" falsecount="1"/>
      <line num="191" count="16" type="stmt"/>
    </file>
  </project>
</coverage>
