{"G:\\UshaSree Project 1.0\\App Code\\notification-service\\server.js": {"path":"G:\\UshaSree Project 1.0\\App Code\\notification-service\\server.js","statementMap":{"0":{"start":{"line":2,"column":16},"end":{"line":2,"column":34}},"1":{"start":{"line":3,"column":19},"end":{"line":3,"column":41}},"2":{"start":{"line":4,"column":13},"end":{"line":4,"column":28}},"3":{"start":{"line":5,"column":19},"end":{"line":5,"column":40}},"4":{"start":{"line":6,"column":14},"end":{"line":6,"column":30}},"5":{"start":{"line":7,"column":0},"end":{"line":7,"column":27}},"6":{"start":{"line":9,"column":12},"end":{"line":9,"column":21}},"7":{"start":{"line":10,"column":0},"end":{"line":10,"column":27}},"8":{"start":{"line":11,"column":0},"end":{"line":11,"column":16}},"9":{"start":{"line":13,"column":20},"end":{"line":13,"column":54}},"10":{"start":{"line":14,"column":22},"end":{"line":14,"column":58}},"11":{"start":{"line":15,"column":15},"end":{"line":15,"column":85}},"12":{"start":{"line":17,"column":21},"end":{"line":17,"column":23}},"13":{"start":{"line":18,"column":15},"end":{"line":18,"column":16}},"14":{"start":{"line":20,"column":9},"end":{"line":20,"column":13}},"15":{"start":{"line":22,"column":0},"end":{"line":50,"column":1}},"16":{"start":{"line":23,"column":16},"end":{"line":23,"column":33}},"17":{"start":{"line":24,"column":2},"end":{"line":30,"column":5}},"18":{"start":{"line":31,"column":2},"end":{"line":49,"column":5}},"19":{"start":{"line":32,"column":4},"end":{"line":35,"column":5}},"20":{"start":{"line":33,"column":6},"end":{"line":33,"column":54}},"21":{"start":{"line":34,"column":6},"end":{"line":34,"column":22}},"22":{"start":{"line":36,"column":4},"end":{"line":48,"column":6}},"23":{"start":{"line":45,"column":8},"end":{"line":46,"column":58}},"24":{"start":{"line":45,"column":17},"end":{"line":45,"column":63}},"25":{"start":{"line":46,"column":13},"end":{"line":46,"column":58}},"26":{"start":{"line":52,"column":20},"end":{"line":58,"column":2}},"27":{"start":{"line":61,"column":22},"end":{"line":75,"column":3}},"28":{"start":{"line":76,"column":2},"end":{"line":81,"column":5}},"29":{"start":{"line":77,"column":4},"end":{"line":79,"column":5}},"30":{"start":{"line":78,"column":6},"end":{"line":78,"column":60}},"31":{"start":{"line":80,"column":4},"end":{"line":80,"column":49}},"32":{"start":{"line":85,"column":2},"end":{"line":85,"column":58}},"33":{"start":{"line":89,"column":0},"end":{"line":91,"column":3}},"34":{"start":{"line":90,"column":2},"end":{"line":90,"column":55}},"35":{"start":{"line":94,"column":0},"end":{"line":129,"column":3}},"36":{"start":{"line":95,"column":60},"end":{"line":95,"column":68}},"37":{"start":{"line":96,"column":2},"end":{"line":98,"column":3}},"38":{"start":{"line":97,"column":4},"end":{"line":97,"column":82}},"39":{"start":{"line":99,"column":2},"end":{"line":101,"column":3}},"40":{"start":{"line":100,"column":4},"end":{"line":100,"column":65}},"41":{"start":{"line":103,"column":18},"end":{"line":103,"column":23}},"42":{"start":{"line":105,"column":2},"end":{"line":122,"column":3}},"43":{"start":{"line":106,"column":4},"end":{"line":121,"column":5}},"44":{"start":{"line":107,"column":6},"end":{"line":118,"column":7}},"45":{"start":{"line":108,"column":25},"end":{"line":108,"column":74}},"46":{"start":{"line":109,"column":22},"end":{"line":109,"column":41}},"47":{"start":{"line":110,"column":21},"end":{"line":110,"column":53}},"48":{"start":{"line":110,"column":37},"end":{"line":110,"column":52}},"49":{"start":{"line":111,"column":8},"end":{"line":115,"column":9}},"50":{"start":{"line":112,"column":10},"end":{"line":112,"column":33}},"51":{"start":{"line":114,"column":10},"end":{"line":114,"column":69}},"52":{"start":{"line":117,"column":8},"end":{"line":117,"column":79}},"53":{"start":{"line":120,"column":6},"end":{"line":120,"column":47}},"54":{"start":{"line":124,"column":22},"end":{"line":124,"column":63}},"55":{"start":{"line":125,"column":2},"end":{"line":125,"column":72}},"56":{"start":{"line":125,"column":17},"end":{"line":125,"column":72}},"57":{"start":{"line":126,"column":2},"end":{"line":126,"column":37}},"58":{"start":{"line":126,"column":13},"end":{"line":126,"column":37}},"59":{"start":{"line":128,"column":2},"end":{"line":128,"column":89}},"60":{"start":{"line":132,"column":0},"end":{"line":156,"column":3}},"61":{"start":{"line":133,"column":26},"end":{"line":133,"column":34}},"62":{"start":{"line":134,"column":2},"end":{"line":136,"column":3}},"63":{"start":{"line":135,"column":4},"end":{"line":135,"column":79}},"64":{"start":{"line":137,"column":2},"end":{"line":155,"column":3}},"65":{"start":{"line":138,"column":16},"end":{"line":138,"column":80}},"66":{"start":{"line":139,"column":4},"end":{"line":144,"column":7}},"67":{"start":{"line":140,"column":6},"end":{"line":142,"column":7}},"68":{"start":{"line":141,"column":8},"end":{"line":141,"column":73}},"69":{"start":{"line":143,"column":6},"end":{"line":143,"column":81}},"70":{"start":{"line":146,"column":19},"end":{"line":152,"column":5}},"71":{"start":{"line":153,"column":4},"end":{"line":153,"column":32}},"72":{"start":{"line":154,"column":4},"end":{"line":154,"column":79}},"73":{"start":{"line":159,"column":0},"end":{"line":164,"column":3}},"74":{"start":{"line":160,"column":2},"end":{"line":162,"column":3}},"75":{"start":{"line":161,"column":4},"end":{"line":161,"column":75}},"76":{"start":{"line":163,"column":2},"end":{"line":163,"column":71}},"77":{"start":{"line":167,"column":0},"end":{"line":173,"column":3}},"78":{"start":{"line":168,"column":2},"end":{"line":170,"column":3}},"79":{"start":{"line":169,"column":4},"end":{"line":169,"column":75}},"80":{"start":{"line":171,"column":2},"end":{"line":171,"column":22}},"81":{"start":{"line":172,"column":2},"end":{"line":172,"column":59}},"82":{"start":{"line":176,"column":0},"end":{"line":179,"column":2}},"83":{"start":{"line":177,"column":2},"end":{"line":177,"column":22}},"84":{"start":{"line":178,"column":2},"end":{"line":178,"column":15}},"85":{"start":{"line":181,"column":13},"end":{"line":181,"column":37}},"86":{"start":{"line":191,"column":0},"end":{"line":191,"column":21}}},"fnMap":{"0":{"name":"(anonymous_0)","decl":{"start":{"line":31,"column":13},"end":{"line":31,"column":14}},"loc":{"start":{"line":31,"column":22},"end":{"line":49,"column":3}},"line":31},"1":{"name":"(anonymous_1)","decl":{"start":{"line":44,"column":6},"end":{"line":44,"column":7}},"loc":{"start":{"line":44,"column":15},"end":{"line":47,"column":7}},"line":44},"2":{"name":"sendEmail","decl":{"start":{"line":60,"column":9},"end":{"line":60,"column":18}},"loc":{"start":{"line":60,"column":60},"end":{"line":82,"column":1}},"line":60},"3":{"name":"(anonymous_3)","decl":{"start":{"line":76,"column":36},"end":{"line":76,"column":37}},"loc":{"start":{"line":76,"column":53},"end":{"line":81,"column":3}},"line":76},"4":{"name":"sendSMS","decl":{"start":{"line":84,"column":9},"end":{"line":84,"column":16}},"loc":{"start":{"line":84,"column":33},"end":{"line":86,"column":1}},"line":84},"5":{"name":"(anonymous_5)","decl":{"start":{"line":89,"column":20},"end":{"line":89,"column":21}},"loc":{"start":{"line":89,"column":34},"end":{"line":91,"column":1}},"line":89},"6":{"name":"(anonymous_6)","decl":{"start":{"line":94,"column":20},"end":{"line":94,"column":21}},"loc":{"start":{"line":94,"column":40},"end":{"line":129,"column":1}},"line":94},"7":{"name":"(anonymous_7)","decl":{"start":{"line":110,"column":32},"end":{"line":110,"column":33}},"loc":{"start":{"line":110,"column":37},"end":{"line":110,"column":52}},"line":110},"8":{"name":"(anonymous_8)","decl":{"start":{"line":132,"column":23},"end":{"line":132,"column":24}},"loc":{"start":{"line":132,"column":37},"end":{"line":156,"column":1}},"line":132},"9":{"name":"(anonymous_9)","decl":{"start":{"line":139,"column":33},"end":{"line":139,"column":34}},"loc":{"start":{"line":139,"column":50},"end":{"line":144,"column":5}},"line":139},"10":{"name":"(anonymous_10)","decl":{"start":{"line":159,"column":26},"end":{"line":159,"column":27}},"loc":{"start":{"line":159,"column":40},"end":{"line":164,"column":1}},"line":159},"11":{"name":"(anonymous_11)","decl":{"start":{"line":167,"column":29},"end":{"line":167,"column":30}},"loc":{"start":{"line":167,"column":43},"end":{"line":173,"column":1}},"line":167},"12":{"name":"(anonymous_12)","decl":{"start":{"line":176,"column":20},"end":{"line":176,"column":21}},"loc":{"start":{"line":176,"column":31},"end":{"line":179,"column":1}},"line":176}},"branchMap":{"0":{"loc":{"start":{"line":15,"column":15},"end":{"line":15,"column":85}},"type":"binary-expr","locations":[{"start":{"line":15,"column":15},"end":{"line":15,"column":46}},{"start":{"line":15,"column":50},"end":{"line":15,"column":85}}],"line":15},"1":{"loc":{"start":{"line":22,"column":0},"end":{"line":50,"column":1}},"type":"if","locations":[{"start":{"line":22,"column":0},"end":{"line":50,"column":1}},{"start":{},"end":{}}],"line":22},"2":{"loc":{"start":{"line":32,"column":4},"end":{"line":35,"column":5}},"type":"if","locations":[{"start":{"line":32,"column":4},"end":{"line":35,"column":5}},{"start":{},"end":{}}],"line":32},"3":{"loc":{"start":{"line":45,"column":8},"end":{"line":46,"column":58}},"type":"if","locations":[{"start":{"line":45,"column":8},"end":{"line":46,"column":58}},{"start":{"line":46,"column":13},"end":{"line":46,"column":58}}],"line":45},"4":{"loc":{"start":{"line":60,"column":41},"end":{"line":60,"column":58}},"type":"default-arg","locations":[{"start":{"line":60,"column":56},"end":{"line":60,"column":58}}],"line":60},"5":{"loc":{"start":{"line":68,"column":13},"end":{"line":68,"column":51}},"type":"cond-expr","locations":[{"start":{"line":68,"column":28},"end":{"line":68,"column":46}},{"start":{"line":68,"column":49},"end":{"line":68,"column":51}}],"line":68},"6":{"loc":{"start":{"line":77,"column":4},"end":{"line":79,"column":5}},"type":"if","locations":[{"start":{"line":77,"column":4},"end":{"line":79,"column":5}},{"start":{},"end":{}}],"line":77},"7":{"loc":{"start":{"line":96,"column":2},"end":{"line":98,"column":3}},"type":"if","locations":[{"start":{"line":96,"column":2},"end":{"line":98,"column":3}},{"start":{},"end":{}}],"line":96},"8":{"loc":{"start":{"line":96,"column":6},"end":{"line":96,"column":34}},"type":"binary-expr","locations":[{"start":{"line":96,"column":6},"end":{"line":96,"column":12}},{"start":{"line":96,"column":16},"end":{"line":96,"column":22}},{"start":{"line":96,"column":26},"end":{"line":96,"column":34}}],"line":96},"9":{"loc":{"start":{"line":99,"column":2},"end":{"line":101,"column":3}},"type":"if","locations":[{"start":{"line":99,"column":2},"end":{"line":101,"column":3}},{"start":{},"end":{}}],"line":99},"10":{"loc":{"start":{"line":105,"column":2},"end":{"line":122,"column":3}},"type":"if","locations":[{"start":{"line":105,"column":2},"end":{"line":122,"column":3}},{"start":{},"end":{}}],"line":105},"11":{"loc":{"start":{"line":105,"column":6},"end":{"line":105,"column":27}},"type":"binary-expr","locations":[{"start":{"line":105,"column":6},"end":{"line":105,"column":16}},{"start":{"line":105,"column":20},"end":{"line":105,"column":27}}],"line":105},"12":{"loc":{"start":{"line":106,"column":4},"end":{"line":121,"column":5}},"type":"if","locations":[{"start":{"line":106,"column":4},"end":{"line":121,"column":5}},{"start":{"line":119,"column":11},"end":{"line":121,"column":5}}],"line":106},"13":{"loc":{"start":{"line":111,"column":8},"end":{"line":115,"column":9}},"type":"if","locations":[{"start":{"line":111,"column":8},"end":{"line":115,"column":9}},{"start":{"line":113,"column":15},"end":{"line":115,"column":9}}],"line":111},"14":{"loc":{"start":{"line":124,"column":22},"end":{"line":124,"column":63}},"type":"binary-expr","locations":[{"start":{"line":124,"column":22},"end":{"line":124,"column":29}},{"start":{"line":124,"column":33},"end":{"line":124,"column":63}}],"line":124},"15":{"loc":{"start":{"line":125,"column":2},"end":{"line":125,"column":72}},"type":"if","locations":[{"start":{"line":125,"column":2},"end":{"line":125,"column":72}},{"start":{},"end":{}}],"line":125},"16":{"loc":{"start":{"line":125,"column":60},"end":{"line":125,"column":70}},"type":"binary-expr","locations":[{"start":{"line":125,"column":60},"end":{"line":125,"column":64}},{"start":{"line":125,"column":68},"end":{"line":125,"column":70}}],"line":125},"17":{"loc":{"start":{"line":126,"column":2},"end":{"line":126,"column":37}},"type":"if","locations":[{"start":{"line":126,"column":2},"end":{"line":126,"column":37}},{"start":{},"end":{}}],"line":126},"18":{"loc":{"start":{"line":128,"column":45},"end":{"line":128,"column":84}},"type":"cond-expr","locations":[{"start":{"line":128,"column":59},"end":{"line":128,"column":61}},{"start":{"line":128,"column":64},"end":{"line":128,"column":84}}],"line":128},"19":{"loc":{"start":{"line":134,"column":2},"end":{"line":136,"column":3}},"type":"if","locations":[{"start":{"line":134,"column":2},"end":{"line":136,"column":3}},{"start":{},"end":{}}],"line":134},"20":{"loc":{"start":{"line":134,"column":6},"end":{"line":134,"column":21}},"type":"binary-expr","locations":[{"start":{"line":134,"column":6},"end":{"line":134,"column":12}},{"start":{"line":134,"column":16},"end":{"line":134,"column":21}}],"line":134},"21":{"loc":{"start":{"line":137,"column":2},"end":{"line":155,"column":3}},"type":"if","locations":[{"start":{"line":137,"column":2},"end":{"line":155,"column":3}},{"start":{"line":145,"column":9},"end":{"line":155,"column":3}}],"line":137},"22":{"loc":{"start":{"line":140,"column":6},"end":{"line":142,"column":7}},"type":"if","locations":[{"start":{"line":140,"column":6},"end":{"line":142,"column":7}},{"start":{},"end":{}}],"line":140},"23":{"loc":{"start":{"line":160,"column":2},"end":{"line":162,"column":3}},"type":"if","locations":[{"start":{"line":160,"column":2},"end":{"line":162,"column":3}},{"start":{},"end":{}}],"line":160},"24":{"loc":{"start":{"line":168,"column":2},"end":{"line":170,"column":3}},"type":"if","locations":[{"start":{"line":168,"column":2},"end":{"line":170,"column":3}},{"start":{},"end":{}}],"line":168},"25":{"loc":{"start":{"line":181,"column":13},"end":{"line":181,"column":37}},"type":"binary-expr","locations":[{"start":{"line":181,"column":13},"end":{"line":181,"column":29}},{"start":{"line":181,"column":33},"end":{"line":181,"column":37}}],"line":181}},"s":{"0":16,"1":16,"2":16,"3":16,"4":16,"5":16,"6":16,"7":16,"8":16,"9":16,"10":16,"11":16,"12":16,"13":16,"14":16,"15":16,"16":3,"17":3,"18":3,"19":3,"20":0,"21":0,"22":3,"23":3,"24":0,"25":3,"26":16,"27":2,"28":2,"29":2,"30":0,"31":2,"32":0,"33":16,"34":1,"35":16,"36":4,"37":4,"38":1,"39":3,"40":1,"41":2,"42":2,"43":1,"44":0,"45":0,"46":0,"47":0,"48":0,"49":0,"50":0,"51":0,"52":0,"53":1,"54":2,"55":2,"56":2,"57":2,"58":0,"59":2,"60":16,"61":7,"62":7,"63":3,"64":4,"65":1,"66":1,"67":1,"68":1,"69":0,"70":3,"71":3,"72":3,"73":16,"74":3,"75":1,"76":2,"77":16,"78":2,"79":1,"80":1,"81":1,"82":16,"83":13,"84":13,"85":16,"86":16},"f":{"0":3,"1":3,"2":2,"3":2,"4":0,"5":1,"6":4,"7":0,"8":7,"9":1,"10":3,"11":2,"12":13},"b":{"0":[16,0],"1":[3,13],"2":[0,3],"3":[0,3],"4":[0],"5":[0,2],"6":[0,2],"7":[1,3],"8":[4,2,2],"9":[1,2],"10":[1,1],"11":[2,1],"12":[0,1],"13":[0,0],"14":[2,1],"15":[2,0],"16":[2,2],"17":[0,2],"18":[0,2],"19":[3,4],"20":[7,5],"21":[1,3],"22":[1,0],"23":[1,2],"24":[1,1],"25":[16,0]},"_coverageSchema":"1a1c01bbd47fc00a2c39e90264f33305004495a9","hash":"73d0250a69e31194eb7d91991c490270b510b06c"}
}
