TN:
SF:server.js
FN:31,(anonymous_0)
FN:44,(anonymous_1)
FN:60,sendEmail
FN:76,(anonymous_3)
FN:84,sendSMS
FN:89,(anonymous_5)
FN:94,(anonymous_6)
FN:110,(anonymous_7)
FN:132,(anonymous_8)
FN:139,(anonymous_9)
FN:159,(anonymous_10)
FN:167,(anonymous_11)
FN:176,(anonymous_12)
FNF:13
FNH:11
FNDA:3,(anonymous_0)
FNDA:3,(anonymous_1)
FNDA:2,sendEmail
FNDA:2,(anonymous_3)
FNDA:0,sendSMS
FNDA:1,(anonymous_5)
FNDA:4,(anonymous_6)
FNDA:0,(anonymous_7)
FNDA:7,(anonymous_8)
FNDA:1,(anonymous_9)
FNDA:3,(anonymous_10)
FNDA:2,(anonymous_11)
FNDA:13,(anonymous_12)
DA:2,16
DA:3,16
DA:4,16
DA:5,16
DA:6,16
DA:7,16
DA:9,16
DA:10,16
DA:11,16
DA:13,16
DA:14,16
DA:15,16
DA:17,16
DA:18,16
DA:20,16
DA:22,16
DA:23,3
DA:24,3
DA:31,3
DA:32,3
DA:33,0
DA:34,0
DA:36,3
DA:45,3
DA:46,3
DA:52,16
DA:61,2
DA:76,2
DA:77,2
DA:78,0
DA:80,2
DA:85,0
DA:89,16
DA:90,1
DA:94,16
DA:95,4
DA:96,4
DA:97,1
DA:99,3
DA:100,1
DA:103,2
DA:105,2
DA:106,1
DA:107,0
DA:108,0
DA:109,0
DA:110,0
DA:111,0
DA:112,0
DA:114,0
DA:117,0
DA:120,1
DA:124,2
DA:125,2
DA:126,2
DA:128,2
DA:132,16
DA:133,7
DA:134,7
DA:135,3
DA:137,4
DA:138,1
DA:139,1
DA:140,1
DA:141,1
DA:143,0
DA:146,3
DA:153,3
DA:154,3
DA:159,16
DA:160,3
DA:161,1
DA:163,2
DA:167,16
DA:168,2
DA:169,1
DA:171,1
DA:172,1
DA:176,16
DA:177,13
DA:178,13
DA:181,16
DA:191,16
LF:83
LH:70
BRDA:15,0,0,16
BRDA:15,0,1,0
BRDA:22,1,0,3
BRDA:22,1,1,13
BRDA:32,2,0,0
BRDA:32,2,1,3
BRDA:45,3,0,0
BRDA:45,3,1,3
BRDA:60,4,0,0
BRDA:68,5,0,0
BRDA:68,5,1,2
BRDA:77,6,0,0
BRDA:77,6,1,2
BRDA:96,7,0,1
BRDA:96,7,1,3
BRDA:96,8,0,4
BRDA:96,8,1,2
BRDA:96,8,2,2
BRDA:99,9,0,1
BRDA:99,9,1,2
BRDA:105,10,0,1
BRDA:105,10,1,1
BRDA:105,11,0,2
BRDA:105,11,1,1
BRDA:106,12,0,0
BRDA:106,12,1,1
BRDA:111,13,0,0
BRDA:111,13,1,0
BRDA:124,14,0,2
BRDA:124,14,1,1
BRDA:125,15,0,2
BRDA:125,15,1,0
BRDA:125,16,0,2
BRDA:125,16,1,2
BRDA:126,17,0,0
BRDA:126,17,1,2
BRDA:128,18,0,0
BRDA:128,18,1,2
BRDA:134,19,0,3
BRDA:134,19,1,4
BRDA:134,20,0,7
BRDA:134,20,1,5
BRDA:137,21,0,1
BRDA:137,21,1,3
BRDA:140,22,0,1
BRDA:140,22,1,0
BRDA:160,23,0,1
BRDA:160,23,1,2
BRDA:168,24,0,1
BRDA:168,24,1,1
BRDA:181,25,0,16
BRDA:181,25,1,0
BRF:52
BRH:38
end_of_record
