{"G:\\UshaSree Project 1.0\\App Code\\catalog-service\\server.js": {"path":"G:\\UshaSree Project 1.0\\App Code\\catalog-service\\server.js","statementMap":{"0":{"start":{"line":2,"column":16},"end":{"line":2,"column":34}},"1":{"start":{"line":3,"column":19},"end":{"line":3,"column":41}},"2":{"start":{"line":4,"column":14},"end":{"line":4,"column":31}},"3":{"start":{"line":5,"column":13},"end":{"line":5,"column":28}},"4":{"start":{"line":6,"column":0},"end":{"line":6,"column":27}},"5":{"start":{"line":8,"column":15},"end":{"line":8,"column":85}},"6":{"start":{"line":10,"column":12},"end":{"line":10,"column":21}},"7":{"start":{"line":11,"column":0},"end":{"line":11,"column":27}},"8":{"start":{"line":12,"column":0},"end":{"line":12,"column":16}},"9":{"start":{"line":58,"column":2},"end":{"line":74,"column":5}},"10":{"start":{"line":59,"column":4},"end":{"line":59,"column":23}},"11":{"start":{"line":59,"column":13},"end":{"line":59,"column":23}},"12":{"start":{"line":60,"column":4},"end":{"line":73,"column":5}},"13":{"start":{"line":61,"column":6},"end":{"line":71,"column":9}},"14":{"start":{"line":62,"column":8},"end":{"line":70,"column":10}},"15":{"start":{"line":66,"column":12},"end":{"line":68,"column":13}},"16":{"start":{"line":67,"column":14},"end":{"line":67,"column":48}},"17":{"start":{"line":72,"column":6},"end":{"line":72,"column":49}},"18":{"start":{"line":79,"column":2},"end":{"line":79,"column":28}},"19":{"start":{"line":79,"column":15},"end":{"line":79,"column":28}},"20":{"start":{"line":81,"column":2},"end":{"line":81,"column":50}},"21":{"start":{"line":81,"column":38},"end":{"line":81,"column":50}},"22":{"start":{"line":82,"column":2},"end":{"line":82,"column":48}},"23":{"start":{"line":82,"column":36},"end":{"line":82,"column":48}},"24":{"start":{"line":83,"column":2},"end":{"line":83,"column":15}},"25":{"start":{"line":87,"column":0},"end":{"line":89,"column":3}},"26":{"start":{"line":88,"column":2},"end":{"line":88,"column":53}},"27":{"start":{"line":92,"column":0},"end":{"line":98,"column":3}},"28":{"start":{"line":93,"column":2},"end":{"line":93,"column":74}},"29":{"start":{"line":93,"column":23},"end":{"line":93,"column":74}},"30":{"start":{"line":94,"column":2},"end":{"line":97,"column":5}},"31":{"start":{"line":95,"column":4},"end":{"line":95,"column":64}},"32":{"start":{"line":95,"column":13},"end":{"line":95,"column":64}},"33":{"start":{"line":96,"column":4},"end":{"line":96,"column":19}},"34":{"start":{"line":101,"column":0},"end":{"line":110,"column":3}},"35":{"start":{"line":102,"column":2},"end":{"line":102,"column":74}},"36":{"start":{"line":102,"column":23},"end":{"line":102,"column":74}},"37":{"start":{"line":103,"column":2},"end":{"line":109,"column":5}},"38":{"start":{"line":104,"column":4},"end":{"line":104,"column":64}},"39":{"start":{"line":104,"column":13},"end":{"line":104,"column":64}},"40":{"start":{"line":105,"column":4},"end":{"line":105,"column":79}},"41":{"start":{"line":105,"column":27},"end":{"line":105,"column":79}},"42":{"start":{"line":106,"column":16},"end":{"line":106,"column":23}},"43":{"start":{"line":107,"column":4},"end":{"line":107,"column":28}},"44":{"start":{"line":108,"column":4},"end":{"line":108,"column":18}},"45":{"start":{"line":113,"column":0},"end":{"line":124,"column":3}},"46":{"start":{"line":114,"column":2},"end":{"line":114,"column":74}},"47":{"start":{"line":114,"column":23},"end":{"line":114,"column":74}},"48":{"start":{"line":115,"column":43},"end":{"line":115,"column":51}},"49":{"start":{"line":116,"column":2},"end":{"line":123,"column":4}},"50":{"start":{"line":120,"column":6},"end":{"line":120,"column":88}},"51":{"start":{"line":120,"column":15},"end":{"line":120,"column":88}},"52":{"start":{"line":121,"column":6},"end":{"line":121,"column":70}},"53":{"start":{"line":127,"column":0},"end":{"line":138,"column":3}},"54":{"start":{"line":128,"column":2},"end":{"line":128,"column":74}},"55":{"start":{"line":128,"column":23},"end":{"line":128,"column":74}},"56":{"start":{"line":129,"column":43},"end":{"line":129,"column":51}},"57":{"start":{"line":130,"column":2},"end":{"line":137,"column":4}},"58":{"start":{"line":134,"column":6},"end":{"line":134,"column":88}},"59":{"start":{"line":134,"column":15},"end":{"line":134,"column":88}},"60":{"start":{"line":135,"column":6},"end":{"line":135,"column":76}},"61":{"start":{"line":141,"column":0},"end":{"line":147,"column":3}},"62":{"start":{"line":142,"column":2},"end":{"line":142,"column":74}},"63":{"start":{"line":142,"column":23},"end":{"line":142,"column":74}},"64":{"start":{"line":143,"column":2},"end":{"line":146,"column":5}},"65":{"start":{"line":144,"column":4},"end":{"line":144,"column":86}},"66":{"start":{"line":144,"column":13},"end":{"line":144,"column":86}},"67":{"start":{"line":145,"column":4},"end":{"line":145,"column":32}},"68":{"start":{"line":149,"column":13},"end":{"line":149,"column":37}},"69":{"start":{"line":157,"column":0},"end":{"line":157,"column":21}},"70":{"start":{"line":158,"column":0},"end":{"line":158,"column":23}}},"fnMap":{"0":{"name":"seedCategories","decl":{"start":{"line":57,"column":9},"end":{"line":57,"column":23}},"loc":{"start":{"line":57,"column":40},"end":{"line":75,"column":1}},"line":57},"1":{"name":"(anonymous_1)","decl":{"start":{"line":58,"column":55},"end":{"line":58,"column":56}},"loc":{"start":{"line":58,"column":73},"end":{"line":74,"column":3}},"line":58},"2":{"name":"(anonymous_2)","decl":{"start":{"line":61,"column":29},"end":{"line":61,"column":30}},"loc":{"start":{"line":61,"column":36},"end":{"line":71,"column":7}},"line":61},"3":{"name":"(anonymous_3)","decl":{"start":{"line":65,"column":10},"end":{"line":65,"column":11}},"loc":{"start":{"line":65,"column":19},"end":{"line":69,"column":11}},"line":65},"4":{"name":"shouldFail","decl":{"start":{"line":78,"column":9},"end":{"line":78,"column":19}},"loc":{"start":{"line":78,"column":25},"end":{"line":84,"column":1}},"line":78},"5":{"name":"(anonymous_5)","decl":{"start":{"line":87,"column":20},"end":{"line":87,"column":21}},"loc":{"start":{"line":87,"column":34},"end":{"line":89,"column":1}},"line":87},"6":{"name":"(anonymous_6)","decl":{"start":{"line":92,"column":23},"end":{"line":92,"column":24}},"loc":{"start":{"line":92,"column":37},"end":{"line":98,"column":1}},"line":92},"7":{"name":"(anonymous_7)","decl":{"start":{"line":94,"column":39},"end":{"line":94,"column":40}},"loc":{"start":{"line":94,"column":54},"end":{"line":97,"column":3}},"line":94},"8":{"name":"(anonymous_8)","decl":{"start":{"line":101,"column":27},"end":{"line":101,"column":28}},"loc":{"start":{"line":101,"column":41},"end":{"line":110,"column":1}},"line":101},"9":{"name":"(anonymous_9)","decl":{"start":{"line":103,"column":69},"end":{"line":103,"column":70}},"loc":{"start":{"line":103,"column":84},"end":{"line":109,"column":3}},"line":103},"10":{"name":"(anonymous_10)","decl":{"start":{"line":113,"column":24},"end":{"line":113,"column":25}},"loc":{"start":{"line":113,"column":38},"end":{"line":124,"column":1}},"line":113},"11":{"name":"(anonymous_11)","decl":{"start":{"line":119,"column":4},"end":{"line":119,"column":5}},"loc":{"start":{"line":119,"column":21},"end":{"line":122,"column":5}},"line":119},"12":{"name":"(anonymous_12)","decl":{"start":{"line":127,"column":27},"end":{"line":127,"column":28}},"loc":{"start":{"line":127,"column":41},"end":{"line":138,"column":1}},"line":127},"13":{"name":"(anonymous_13)","decl":{"start":{"line":133,"column":4},"end":{"line":133,"column":5}},"loc":{"start":{"line":133,"column":21},"end":{"line":136,"column":5}},"line":133},"14":{"name":"(anonymous_14)","decl":{"start":{"line":141,"column":30},"end":{"line":141,"column":31}},"loc":{"start":{"line":141,"column":44},"end":{"line":147,"column":1}},"line":141},"15":{"name":"(anonymous_15)","decl":{"start":{"line":143,"column":65},"end":{"line":143,"column":66}},"loc":{"start":{"line":143,"column":74},"end":{"line":146,"column":3}},"line":143}},"branchMap":{"0":{"loc":{"start":{"line":8,"column":15},"end":{"line":8,"column":85}},"type":"binary-expr","locations":[{"start":{"line":8,"column":15},"end":{"line":8,"column":46}},{"start":{"line":8,"column":50},"end":{"line":8,"column":85}}],"line":8},"1":{"loc":{"start":{"line":59,"column":4},"end":{"line":59,"column":23}},"type":"if","locations":[{"start":{"line":59,"column":4},"end":{"line":59,"column":23}},{"start":{},"end":{}}],"line":59},"2":{"loc":{"start":{"line":60,"column":4},"end":{"line":73,"column":5}},"type":"if","locations":[{"start":{"line":60,"column":4},"end":{"line":73,"column":5}},{"start":{},"end":{}}],"line":60},"3":{"loc":{"start":{"line":66,"column":12},"end":{"line":68,"column":13}},"type":"if","locations":[{"start":{"line":66,"column":12},"end":{"line":68,"column":13}},{"start":{},"end":{}}],"line":66},"4":{"loc":{"start":{"line":66,"column":16},"end":{"line":66,"column":57}},"type":"binary-expr","locations":[{"start":{"line":66,"column":16},"end":{"line":66,"column":19}},{"start":{"line":66,"column":23},"end":{"line":66,"column":57}}],"line":66},"5":{"loc":{"start":{"line":79,"column":2},"end":{"line":79,"column":28}},"type":"if","locations":[{"start":{"line":79,"column":2},"end":{"line":79,"column":28}},{"start":{},"end":{}}],"line":79},"6":{"loc":{"start":{"line":81,"column":2},"end":{"line":81,"column":50}},"type":"if","locations":[{"start":{"line":81,"column":2},"end":{"line":81,"column":50}},{"start":{},"end":{}}],"line":81},"7":{"loc":{"start":{"line":81,"column":6},"end":{"line":81,"column":36}},"type":"binary-expr","locations":[{"start":{"line":81,"column":6},"end":{"line":81,"column":15}},{"start":{"line":81,"column":19},"end":{"line":81,"column":36}}],"line":81},"8":{"loc":{"start":{"line":82,"column":2},"end":{"line":82,"column":48}},"type":"if","locations":[{"start":{"line":82,"column":2},"end":{"line":82,"column":48}},{"start":{},"end":{}}],"line":82},"9":{"loc":{"start":{"line":82,"column":6},"end":{"line":82,"column":34}},"type":"binary-expr","locations":[{"start":{"line":82,"column":6},"end":{"line":82,"column":14}},{"start":{"line":82,"column":18},"end":{"line":82,"column":34}}],"line":82},"10":{"loc":{"start":{"line":93,"column":2},"end":{"line":93,"column":74}},"type":"if","locations":[{"start":{"line":93,"column":2},"end":{"line":93,"column":74}},{"start":{},"end":{}}],"line":93},"11":{"loc":{"start":{"line":95,"column":4},"end":{"line":95,"column":64}},"type":"if","locations":[{"start":{"line":95,"column":4},"end":{"line":95,"column":64}},{"start":{},"end":{}}],"line":95},"12":{"loc":{"start":{"line":102,"column":2},"end":{"line":102,"column":74}},"type":"if","locations":[{"start":{"line":102,"column":2},"end":{"line":102,"column":74}},{"start":{},"end":{}}],"line":102},"13":{"loc":{"start":{"line":104,"column":4},"end":{"line":104,"column":64}},"type":"if","locations":[{"start":{"line":104,"column":4},"end":{"line":104,"column":64}},{"start":{},"end":{}}],"line":104},"14":{"loc":{"start":{"line":105,"column":4},"end":{"line":105,"column":79}},"type":"if","locations":[{"start":{"line":105,"column":4},"end":{"line":105,"column":79}},{"start":{},"end":{}}],"line":105},"15":{"loc":{"start":{"line":114,"column":2},"end":{"line":114,"column":74}},"type":"if","locations":[{"start":{"line":114,"column":2},"end":{"line":114,"column":74}},{"start":{},"end":{}}],"line":114},"16":{"loc":{"start":{"line":120,"column":6},"end":{"line":120,"column":88}},"type":"if","locations":[{"start":{"line":120,"column":6},"end":{"line":120,"column":88}},{"start":{},"end":{}}],"line":120},"17":{"loc":{"start":{"line":128,"column":2},"end":{"line":128,"column":74}},"type":"if","locations":[{"start":{"line":128,"column":2},"end":{"line":128,"column":74}},{"start":{},"end":{}}],"line":128},"18":{"loc":{"start":{"line":134,"column":6},"end":{"line":134,"column":88}},"type":"if","locations":[{"start":{"line":134,"column":6},"end":{"line":134,"column":88}},{"start":{},"end":{}}],"line":134},"19":{"loc":{"start":{"line":142,"column":2},"end":{"line":142,"column":74}},"type":"if","locations":[{"start":{"line":142,"column":2},"end":{"line":142,"column":74}},{"start":{},"end":{}}],"line":142},"20":{"loc":{"start":{"line":144,"column":4},"end":{"line":144,"column":86}},"type":"if","locations":[{"start":{"line":144,"column":4},"end":{"line":144,"column":86}},{"start":{},"end":{}}],"line":144},"21":{"loc":{"start":{"line":149,"column":13},"end":{"line":149,"column":37}},"type":"binary-expr","locations":[{"start":{"line":149,"column":13},"end":{"line":149,"column":29}},{"start":{"line":149,"column":33},"end":{"line":149,"column":37}}],"line":149}},"s":{"0":1,"1":1,"2":1,"3":1,"4":1,"5":1,"6":1,"7":1,"8":1,"9":0,"10":0,"11":0,"12":0,"13":0,"14":0,"15":0,"16":0,"17":0,"18":11,"19":0,"20":11,"21":2,"22":9,"23":3,"24":6,"25":1,"26":1,"27":1,"28":2,"29":1,"30":1,"31":1,"32":0,"33":1,"34":1,"35":3,"36":1,"37":2,"38":2,"39":0,"40":2,"41":1,"42":1,"43":1,"44":1,"45":1,"46":2,"47":1,"48":1,"49":1,"50":1,"51":0,"52":1,"53":1,"54":2,"55":1,"56":1,"57":1,"58":1,"59":0,"60":1,"61":1,"62":2,"63":1,"64":1,"65":1,"66":0,"67":1,"68":1,"69":1,"70":1},"f":{"0":0,"1":0,"2":0,"3":0,"4":11,"5":1,"6":2,"7":1,"8":3,"9":2,"10":2,"11":1,"12":2,"13":1,"14":2,"15":1},"b":{"0":[1,0],"1":[0,0],"2":[0,0],"3":[0,0],"4":[0,0],"5":[0,11],"6":[2,9],"7":[11,11],"8":[3,6],"9":[9,9],"10":[1,1],"11":[0,1],"12":[1,2],"13":[0,2],"14":[1,1],"15":[1,1],"16":[0,1],"17":[1,1],"18":[0,1],"19":[1,1],"20":[0,1],"21":[1,0]},"_coverageSchema":"1a1c01bbd47fc00a2c39e90264f33305004495a9","hash":"b0f923719ffbf9b6b3d9c3000fc89706dd4a0522"}
}
