TN:
SF:server.js
FN:57,seedCategories
FN:58,(anonymous_1)
FN:61,(anonymous_2)
FN:65,(anonymous_3)
FN:78,shouldFail
FN:87,(anonymous_5)
FN:92,(anonymous_6)
FN:94,(anonymous_7)
FN:101,(anonymous_8)
FN:103,(anonymous_9)
FN:113,(anonymous_10)
FN:119,(anonymous_11)
FN:127,(anonymous_12)
FN:133,(anonymous_13)
FN:141,(anonymous_14)
FN:143,(anonymous_15)
FNF:16
FNH:12
FNDA:0,seedCategories
FNDA:0,(anonymous_1)
FNDA:0,(anonymous_2)
FNDA:0,(anonymous_3)
FNDA:11,shouldFail
FNDA:1,(anonymous_5)
FNDA:2,(anonymous_6)
FNDA:1,(anonymous_7)
FNDA:3,(anonymous_8)
FNDA:2,(anonymous_9)
FNDA:2,(anonymous_10)
FNDA:1,(anonymous_11)
FNDA:2,(anonymous_12)
FNDA:1,(anonymous_13)
FNDA:2,(anonymous_14)
FNDA:1,(anonymous_15)
DA:2,1
DA:3,1
DA:4,1
DA:5,1
DA:6,1
DA:8,1
DA:10,1
DA:11,1
DA:12,1
DA:58,0
DA:59,0
DA:60,0
DA:61,0
DA:62,0
DA:66,0
DA:67,0
DA:72,0
DA:79,11
DA:81,11
DA:82,9
DA:83,6
DA:87,1
DA:88,1
DA:92,1
DA:93,2
DA:94,1
DA:95,1
DA:96,1
DA:101,1
DA:102,3
DA:103,2
DA:104,2
DA:105,2
DA:106,1
DA:107,1
DA:108,1
DA:113,1
DA:114,2
DA:115,1
DA:116,1
DA:120,1
DA:121,1
DA:127,1
DA:128,2
DA:129,1
DA:130,1
DA:134,1
DA:135,1
DA:141,1
DA:142,2
DA:143,1
DA:144,1
DA:145,1
DA:149,1
DA:157,1
DA:158,1
LF:56
LH:48
BRDA:8,0,0,1
BRDA:8,0,1,0
BRDA:59,1,0,0
BRDA:59,1,1,0
BRDA:60,2,0,0
BRDA:60,2,1,0
BRDA:66,3,0,0
BRDA:66,3,1,0
BRDA:66,4,0,0
BRDA:66,4,1,0
BRDA:79,5,0,0
BRDA:79,5,1,11
BRDA:81,6,0,2
BRDA:81,6,1,9
BRDA:81,7,0,11
BRDA:81,7,1,11
BRDA:82,8,0,3
BRDA:82,8,1,6
BRDA:82,9,0,9
BRDA:82,9,1,9
BRDA:93,10,0,1
BRDA:93,10,1,1
BRDA:95,11,0,0
BRDA:95,11,1,1
BRDA:102,12,0,1
BRDA:102,12,1,2
BRDA:104,13,0,0
BRDA:104,13,1,2
BRDA:105,14,0,1
BRDA:105,14,1,1
BRDA:114,15,0,1
BRDA:114,15,1,1
BRDA:120,16,0,0
BRDA:120,16,1,1
BRDA:128,17,0,1
BRDA:128,17,1,1
BRDA:134,18,0,0
BRDA:134,18,1,1
BRDA:142,19,0,1
BRDA:142,19,1,1
BRDA:144,20,0,0
BRDA:144,20,1,1
BRDA:149,21,0,1
BRDA:149,21,1,0
BRF:44
BRH:28
end_of_record
